Watching for file changes with StatReloader
/Users/sergey/учеба/Django_framework/myproject/myapp/views.py changed, reloading.
Watching for file changes with StatReloader
/Users/sergey/учеба/Django_framework/myproject/myapp/views.py changed, reloading.
Watching for file changes with StatReloader
"GET /prefix/about/ HTTP/1.1" 200 27
"GET /prefix HTTP/1.1" 301 0
"GET /prefix/ HTTP/1.1" 200 13
/Users/sergey/учеба/Django_framework/myproject/myproject/settings.py changed, reloading.
Watching for file changes with StatReloader
Index page accessed
"GET /prefix/ HTTP/1.1" 200 13
Error in about page: division by zero
Traceback (most recent call last):
  File "/Users/sergey/учеба/Django_framework/myproject/myapp/views.py", line 17, in about
    result = 1 / 0
             ~~^~~
ZeroDivisionError: division by zero
"GET /prefix/about/ HTTP/1.1" 200 27
/Users/sergey/учеба/Django_framework/myproject/myproject/settings.py changed, reloading.
INFO 2024-01-15 18:39:38,000 autoreload 19840 140704446387968 Watching for file changes with StatReloader
ERROR 2024-01-15 18:39:51,541 views 19840 123145348575232 Error in about page: division by zero
Traceback (most recent call last):
  File "/Users/sergey/учеба/Django_framework/myproject/myapp/views.py", line 17, in about
    result = 1 / 0
             ~~^~~
ZeroDivisionError: division by zero
INFO 2024-01-15 18:39:51,544 basehttp 19840 123145348575232 "GET /prefix/about/ HTTP/1.1" 200 27
INFO 2024-01-15 18:39:56,904 views 19840 123145348575232 Index page accessed
INFO 2024-01-15 18:39:56,906 basehttp 19840 123145348575232 "GET /prefix/ HTTP/1.1" 200 13
INFO 2024-01-17 16:59:14,797 autoreload 28375 140704446387968 Watching for file changes with StatReloader
INFO 2024-01-23 13:48:10,724 autoreload 57057 140704446387968 Watching for file changes with StatReloader
WARNING 2024-01-23 13:48:20,793 log 57057 123145382465536 Not Found: /
WARNING 2024-01-23 13:48:20,800 basehttp 57057 123145382465536 "GET / HTTP/1.1" 404 2274
WARNING 2024-01-23 13:48:22,325 log 57057 123145382465536 Not Found: /favicon.ico
WARNING 2024-01-23 13:48:22,325 basehttp 57057 123145382465536 "GET /favicon.ico HTTP/1.1" 404 2325
WARNING 2024-01-23 13:48:42,901 log 57057 123145382465536 Not Found: /les3/
WARNING 2024-01-23 13:48:42,902 basehttp 57057 123145382465536 "GET /les3/ HTTP/1.1" 404 2548
WARNING 2024-01-23 13:48:53,186 log 57057 123145382465536 Not Found: /hello/
WARNING 2024-01-23 13:48:53,188 basehttp 57057 123145382465536 "GET /hello/ HTTP/1.1" 404 2310
WARNING 2024-01-23 13:49:12,738 log 57057 123145382465536 Not Found: /hello2/
WARNING 2024-01-23 13:49:12,739 basehttp 57057 123145382465536 "GET /hello2/ HTTP/1.1" 404 2313
INFO 2024-01-23 13:50:03,493 basehttp 57057 123145382465536 "GET /les3/hello/ HTTP/1.1" 200 26
INFO 2024-01-23 13:50:09,969 basehttp 57057 123145382465536 "GET /les3/hello2 HTTP/1.1" 301 0
INFO 2024-01-23 13:50:09,992 basehttp 57057 123145399255040 "GET /les3/hello2/ HTTP/1.1" 200 23
INFO 2024-01-23 13:53:25,796 autoreload 57057 140704446387968 /Users/sergey/учеба/Django_framework/myproject/myapp3/urls.py changed, reloading.
INFO 2024-01-23 13:53:27,175 autoreload 57104 140704446387968 Watching for file changes with StatReloader
INFO 2024-01-23 13:57:05,126 autoreload 57104 140704446387968 /Users/sergey/учеба/Django_framework/myproject/myapp3/views.py changed, reloading.
INFO 2024-01-23 13:57:06,568 autoreload 57130 140704446387968 Watching for file changes with StatReloader
INFO 2024-01-23 13:57:44,117 autoreload 57130 140704446387968 /Users/sergey/учеба/Django_framework/myproject/myapp3/views.py changed, reloading.
INFO 2024-01-23 13:57:45,302 autoreload 57138 140704446387968 Watching for file changes with StatReloader
INFO 2024-01-23 13:58:06,883 autoreload 57138 140704446387968 /Users/sergey/учеба/Django_framework/myproject/myapp3/views.py changed, reloading.
INFO 2024-01-23 13:58:07,672 autoreload 57145 140704446387968 Watching for file changes with StatReloader
INFO 2024-01-23 13:58:54,495 autoreload 57145 140704446387968 /Users/sergey/учеба/Django_framework/myproject/myapp3/views.py changed, reloading.
INFO 2024-01-23 13:58:55,463 autoreload 57148 140704446387968 Watching for file changes with StatReloader
INFO 2024-01-23 13:59:43,295 autoreload 57148 140704446387968 /Users/sergey/учеба/Django_framework/myproject/myapp3/views.py changed, reloading.
INFO 2024-01-23 13:59:44,130 autoreload 57161 140704446387968 Watching for file changes with StatReloader
INFO 2024-01-23 14:00:33,081 autoreload 57161 140704446387968 /Users/sergey/учеба/Django_framework/myproject/myapp3/urls.py changed, reloading.
INFO 2024-01-23 14:00:34,563 autoreload 57171 140704446387968 Watching for file changes with StatReloader
INFO 2024-01-23 14:07:39,464 autoreload 57171 140704446387968 /Users/sergey/учеба/Django_framework/myproject/myapp3/views.py changed, reloading.
INFO 2024-01-23 14:07:40,430 autoreload 57187 140704446387968 Watching for file changes with StatReloader
INFO 2024-01-23 14:08:16,922 basehttp 57187 123145378504704 "GET /les3/posts/2022/ HTTP/1.1" 200 19
INFO 2024-01-23 14:09:28,923 basehttp 57187 123145378504704 "GET /les3/posts/2022/6/ HTTP/1.1" 200 21
INFO 2024-01-23 14:12:00,151 autoreload 57187 140704446387968 /Users/sergey/учеба/Django_framework/myproject/myapp3/views.py changed, reloading.
INFO 2024-01-23 14:12:00,982 autoreload 57201 140704446387968 Watching for file changes with StatReloader
INFO 2024-01-23 14:12:09,148 basehttp 57201 123145446133760 "GET /les3/posts/2022/6/python/ HTTP/1.1" 200 358
INFO 2024-01-23 14:12:27,822 autoreload 57201 140704446387968 /Users/sergey/учеба/Django_framework/myproject/myapp3/views.py changed, reloading.
INFO 2024-01-23 14:12:28,863 autoreload 57209 140704446387968 Watching for file changes with StatReloader
INFO 2024-01-23 14:12:43,448 autoreload 57209 140704446387968 /Users/sergey/учеба/Django_framework/myproject/myapp3/views.py changed, reloading.
INFO 2024-01-23 14:12:44,108 autoreload 57219 140704446387968 Watching for file changes with StatReloader
INFO 2024-01-23 14:12:52,175 basehttp 57219 123145543782400 "GET /les3/posts/2022/6/3/ HTTP/1.1" 200 355
INFO 2024-01-23 15:04:08,270 autoreload 57219 140704446387968 /Users/sergey/учеба/Django_framework/myproject/myapp3/views.py changed, reloading.
INFO 2024-01-23 15:04:09,211 autoreload 57455 140704446387968 Watching for file changes with StatReloader
INFO 2024-01-23 15:04:56,367 autoreload 57455 140704446387968 /Users/sergey/учеба/Django_framework/myproject/myapp3/urls.py changed, reloading.
INFO 2024-01-23 15:04:57,210 autoreload 57473 140704446387968 Watching for file changes with StatReloader
INFO 2024-01-23 15:05:26,753 autoreload 57473 140704446387968 /Users/sergey/учеба/Django_framework/myproject/myapp3/urls.py changed, reloading.
INFO 2024-01-23 15:05:27,874 autoreload 57486 140704446387968 Watching for file changes with StatReloader
INFO 2024-01-23 15:05:39,902 basehttp 57486 123145596661760 "GET /les3/ HTTP/1.1" 200 176
WARNING 2024-01-23 15:05:43,654 log 57486 123145596661760 Not Found: /
WARNING 2024-01-23 15:05:43,655 basehttp 57486 123145596661760 "GET / HTTP/1.1" 404 2274
WARNING 2024-01-23 15:05:43,907 log 57486 123145596661760 Not Found: /
WARNING 2024-01-23 15:05:43,908 basehttp 57486 123145596661760 "GET / HTTP/1.1" 404 2274
INFO 2024-01-23 15:05:53,002 basehttp 57486 123145596661760 "GET /les3/ HTTP/1.1" 200 176
INFO 2024-01-23 15:18:16,001 autoreload 57486 140704446387968 /Users/sergey/учеба/Django_framework/myproject/myapp3/views.py changed, reloading.
INFO 2024-01-23 15:18:17,410 autoreload 57517 140704446387968 Watching for file changes with StatReloader
INFO 2024-01-23 15:23:02,140 autoreload 57517 140704446387968 /Users/sergey/учеба/Django_framework/myproject/myapp3/views.py changed, reloading.
INFO 2024-01-23 15:23:03,452 autoreload 57595 140704446387968 Watching for file changes with StatReloader
INFO 2024-01-23 15:24:57,588 autoreload 57595 140704446387968 /Users/sergey/учеба/Django_framework/myproject/myapp3/views.py changed, reloading.
INFO 2024-01-23 15:24:58,458 autoreload 57604 140704446387968 Watching for file changes with StatReloader
INFO 2024-01-23 15:26:18,062 autoreload 57604 140704446387968 /Users/sergey/учеба/Django_framework/myproject/myapp3/urls.py changed, reloading.
INFO 2024-01-23 15:26:19,867 autoreload 57629 140704446387968 Watching for file changes with StatReloader
ERROR 2024-01-23 15:26:30,859 log 57629 123145602543616 Internal Server Error: /les3/if/
Traceback (most recent call last):
  File "/Users/sergey/учеба/Django_framework/venv/lib/python3.11/site-packages/django/core/handlers/exception.py", line 55, in inner
    response = get_response(request)
               ^^^^^^^^^^^^^^^^^^^^^
  File "/Users/sergey/учеба/Django_framework/venv/lib/python3.11/site-packages/django/core/handlers/base.py", line 197, in _get_response
    response = wrapped_callback(request, *callback_args, **callback_kwargs)
               ^^^^^^^^^^^^^^^^^^^^^^^^^^^^^^^^^^^^^^^^^^^^^^^^^^^^^^^^^^^^
TypeError: View.as_view() takes 1 positional argument but 2 were given
ERROR 2024-01-23 15:26:30,864 basehttp 57629 123145602543616 "GET /les3/if/ HTTP/1.1" 500 58553
INFO 2024-01-23 15:27:37,581 autoreload 57629 140704446387968 /Users/sergey/учеба/Django_framework/myproject/myapp3/urls.py changed, reloading.
INFO 2024-01-23 15:27:38,335 autoreload 57646 140704446387968 Watching for file changes with StatReloader
INFO 2024-01-23 15:27:41,609 basehttp 57646 123145583976448 "GET /les3/if/ HTTP/1.1" 200 361
INFO 2024-01-23 15:35:07,716 autoreload 57646 140704446387968 /Users/sergey/учеба/Django_framework/myproject/myapp3/views.py changed, reloading.
INFO 2024-01-23 15:35:08,878 autoreload 57706 140704446387968 Watching for file changes with StatReloader
INFO 2024-01-23 15:35:43,689 autoreload 57706 140704446387968 /Users/sergey/учеба/Django_framework/myproject/myapp3/urls.py changed, reloading.
INFO 2024-01-23 15:35:45,434 autoreload 57719 140704446387968 Watching for file changes with StatReloader
INFO 2024-01-23 15:37:52,469 basehttp 57719 123145566871552 "GET /les3/for/ HTTP/1.1" 200 947
INFO 2024-01-23 15:53:20,448 autoreload 57719 140704446387968 /Users/sergey/учеба/Django_framework/myproject/myapp3/views.py changed, reloading.
INFO 2024-01-23 15:53:21,597 autoreload 57824 140704446387968 Watching for file changes with StatReloader
INFO 2024-01-23 15:55:14,758 autoreload 57824 140704446387968 /Users/sergey/учеба/Django_framework/myproject/myapp3/urls.py changed, reloading.
INFO 2024-01-23 15:55:15,997 autoreload 57881 140704446387968 Watching for file changes with StatReloader
INFO 2024-01-23 15:55:30,290 basehttp 57881 123145457389568 "GET /les3/index/ HTTP/1.1" 200 250
INFO 2024-01-23 15:55:41,084 basehttp 57881 123145457389568 "GET /les3/about/ HTTP/1.1" 200 257
INFO 2024-01-23 15:58:31,901 autoreload 57881 140704446387968 /Users/sergey/учеба/Django_framework/myproject/myproject/settings.py changed, reloading.
INFO 2024-01-23 15:58:33,767 autoreload 57907 140704446387968 Watching for file changes with StatReloader
INFO 2024-01-23 16:02:05,151 basehttp 57907 123145476866048 "GET /les3/about/ HTTP/1.1" 200 257
INFO 2024-01-23 16:02:13,190 basehttp 57907 123145476866048 "GET /les3/index/ HTTP/1.1" 200 310
INFO 2024-01-23 16:03:37,123 autoreload 57907 140704446387968 /Users/sergey/учеба/Django_framework/myproject/myproject/urls.py changed, reloading.
INFO 2024-01-23 16:03:38,198 autoreload 57953 140704446387968 Watching for file changes with StatReloader
INFO 2024-01-23 16:04:29,142 autoreload 57953 140704446387968 /Users/sergey/учеба/Django_framework/myproject/myproject/urls.py changed, reloading.
INFO 2024-01-23 16:04:29,976 autoreload 57965 140704446387968 Watching for file changes with StatReloader
INFO 2024-01-23 16:05:03,654 autoreload 57965 140704446387968 /Users/sergey/учеба/Django_framework/myproject/myproject/urls.py changed, reloading.
INFO 2024-01-23 16:05:04,307 autoreload 57973 140704446387968 Watching for file changes with StatReloader
INFO 2024-01-23 16:05:07,358 basehttp 57973 123145562509312 "GET / HTTP/1.1" 200 310
INFO 2024-01-23 16:12:47,271 autoreload 57973 140704446387968 /Users/sergey/учеба/Django_framework/myproject/myapp3/models.py changed, reloading.
INFO 2024-01-23 16:12:48,775 autoreload 58029 140704446387968 Watching for file changes with StatReloader
INFO 2024-01-23 16:13:54,580 autoreload 58029 140704446387968 /Users/sergey/учеба/Django_framework/myproject/myapp3/models.py changed, reloading.
INFO 2024-01-23 16:13:55,769 autoreload 58038 140704446387968 Watching for file changes with StatReloader
INFO 2024-01-23 16:53:38,103 autoreload 58302 140704446387968 Watching for file changes with StatReloader
WARNING 2024-01-23 16:53:46,371 log 58302 123145521192960 Not Found: /author/5
WARNING 2024-01-23 16:53:46,372 basehttp 58302 123145521192960 "GET /author/5 HTTP/1.1" 404 2416
INFO 2024-01-23 16:53:58,803 basehttp 58302 123145521192960 "GET /les3/author/5 HTTP/1.1" 301 0
INFO 2024-01-23 16:53:58,845 basehttp 58302 123145537982464 "GET /les3/author/5/ HTTP/1.1" 200 1384
INFO 2024-01-23 16:54:15,585 basehttp 58302 123145537982464 "GET /les3/post/50/ HTTP/1.1" 200 682
INFO 2024-01-23 16:54:23,182 basehttp 58302 123145537982464 "GET /les3/post/48/ HTTP/1.1" 200 701
INFO 2024-01-23 16:54:30,686 basehttp 58302 123145537982464 "GET /les3/post/46/ HTTP/1.1" 200 656
INFO 2024-01-25 16:55:37,610 autoreload 70292 140704446387968 Watching for file changes with StatReloader
WARNING 2024-01-25 16:55:59,440 log 70292 123145534885888 Not Found: /les4/
WARNING 2024-01-25 16:55:59,441 basehttp 70292 123145534885888 "GET /les4/ HTTP/1.1" 404 2586
INFO 2024-01-25 16:56:13,715 basehttp 70292 123145534885888 "GET / HTTP/1.1" 200 310
WARNING 2024-01-25 16:56:38,423 log 70292 123145534885888 Not Found: /les4/user/app
WARNING 2024-01-25 16:56:38,425 basehttp 70292 123145534885888 "GET /les4/user/app HTTP/1.1" 404 2610
WARNING 2024-01-25 16:56:44,433 log 70292 123145534885888 Not Found: /les4/user/app/
WARNING 2024-01-25 16:56:44,433 basehttp 70292 123145534885888 "GET /les4/user/app/ HTTP/1.1" 404 2613
INFO 2024-01-25 16:57:15,636 basehttp 70292 123145534885888 "GET /les4/user/add/ HTTP/1.1" 200 607
INFO 2024-01-25 17:02:30,320 basehttp 70292 123145534885888 "GET /les4/user/add/ HTTP/1.1" 200 825
INFO 2024-01-25 17:04:10,833 basehttp 70292 123145534885888 "POST /les4/user/add/ HTTP/1.1" 200 870
INFO 2024-01-25 17:04:15,989 basehttp 70292 123145534885888 "POST /les4/user/add/ HTTP/1.1" 200 870
INFO 2024-01-25 17:10:30,485 basehttp 70292 123145534885888 "POST /les4/user/add/ HTTP/1.1" 200 870
INFO 2024-01-25 17:13:44,264 autoreload 70292 140704446387968 /Users/sergey/учеба/Django_framework/myproject/myapp4/forms.py changed, reloading.
INFO 2024-01-25 17:13:45,690 autoreload 70404 140704446387968 Watching for file changes with StatReloader
INFO 2024-01-25 17:16:41,709 autoreload 70404 140704446387968 /Users/sergey/учеба/Django_framework/myproject/myproject/settings.py changed, reloading.
INFO 2024-01-25 17:16:42,903 autoreload 70424 140704446387968 Watching for file changes with StatReloader
INFO 2024-01-25 17:20:16,839 autoreload 70424 140704446387968 /Users/sergey/учеба/Django_framework/myproject/myapp4/forms.py changed, reloading.
INFO 2024-01-25 17:20:17,706 autoreload 70453 140704446387968 Watching for file changes with StatReloader
INFO 2024-01-25 17:21:23,406 autoreload 70453 140704446387968 /Users/sergey/учеба/Django_framework/myproject/myapp4/urls.py changed, reloading.
INFO 2024-01-25 17:21:24,697 autoreload 70474 140704446387968 Watching for file changes with StatReloader
INFO 2024-01-25 17:22:52,902 basehttp 70474 123145489858560 "GET /les4/forms/ HTTP/1.1" 200 1513
INFO 2024-01-25 17:23:42,622 basehttp 70474 123145489858560 "POST /les4/forms/ HTTP/1.1" 200 1587
INFO 2024-01-25 17:29:51,483 autoreload 70474 140704446387968 /Users/sergey/учеба/Django_framework/myproject/myproject/settings.py changed, reloading.
INFO 2024-01-25 17:32:54,566 autoreload 70614 140704446387968 Watching for file changes with StatReloader
INFO 2024-01-25 17:32:58,013 basehttp 70614 123145554309120 "POST /les4/forms/ HTTP/1.1" 200 1587
INFO 2024-01-25 17:33:33,083 autoreload 70614 140704446387968 /Users/sergey/учеба/Django_framework/myproject/myproject/settings.py changed, reloading.
INFO 2024-01-25 17:33:34,392 autoreload 70619 140704446387968 Watching for file changes with StatReloader
INFO 2024-01-26 12:32:18,658 autoreload 73995 140704446387968 Watching for file changes with StatReloader
INFO 2024-01-26 12:32:24,687 basehttp 73995 123145455468544 "POST /les4/forms/ HTTP/1.1" 200 2297
INFO 2024-01-26 12:33:21,317 basehttp 73995 123145455468544 "POST /les4/forms/ HTTP/1.1" 200 2223
INFO 2024-01-26 12:34:52,629 autoreload 73995 140704446387968 /Users/sergey/учеба/Django_framework/myproject/myapp4/forms.py changed, reloading.
INFO 2024-01-26 12:34:53,927 autoreload 74004 140704446387968 Watching for file changes with StatReloader
INFO 2024-01-26 12:34:57,977 basehttp 74004 123145348788224 "POST /les4/forms/ HTTP/1.1" 200 2223
INFO 2024-01-26 12:39:22,753 autoreload 74004 140704446387968 /Users/sergey/учеба/Django_framework/myproject/myapp4/forms.py changed, reloading.
INFO 2024-01-26 12:39:24,134 autoreload 74019 140704446387968 Watching for file changes with StatReloader
INFO 2024-01-26 12:43:54,937 autoreload 74019 140704446387968 /Users/sergey/учеба/Django_framework/myproject/myapp4/models.py changed, reloading.
INFO 2024-01-26 12:43:57,155 autoreload 74034 140704446387968 Watching for file changes with StatReloader
INFO 2024-01-26 12:52:25,027 autoreload 74115 140704446387968 Watching for file changes with StatReloader
INFO 2024-01-26 12:52:35,355 basehttp 74115 123145545732096 "GET /les4/user/ HTTP/1.1" 200 864
INFO 2024-01-26 12:53:32,249 basehttp 74115 123145545732096 "POST /les4/user/ HTTP/1.1" 200 1024
INFO 2024-01-26 12:54:24,325 basehttp 74115 123145545732096 "POST /les4/user/ HTTP/1.1" 200 926
INFO 2024-01-26 13:21:49,206 autoreload 74115 140704446387968 /Users/sergey/учеба/Django_framework/myproject/myapp4/forms.py changed, reloading.
INFO 2024-01-26 13:21:50,187 autoreload 74309 140704446387968 Watching for file changes with StatReloader
INFO 2024-01-26 13:24:18,362 autoreload 74309 140704446387968 /Users/sergey/учеба/Django_framework/myproject/myproject/settings.py changed, reloading.
INFO 2024-01-26 13:24:19,236 autoreload 74325 140704446387968 Watching for file changes with StatReloader
INFO 2024-01-26 13:26:53,315 autoreload 74325 140704446387968 /Users/sergey/учеба/Django_framework/myproject/myapp4/views.py changed, reloading.
INFO 2024-01-26 13:26:54,918 autoreload 74353 140704446387968 Watching for file changes with StatReloader
INFO 2024-01-26 13:27:08,002 autoreload 74353 140704446387968 /Users/sergey/учеба/Django_framework/myproject/myapp4/views.py changed, reloading.
INFO 2024-01-26 13:27:08,825 autoreload 74357 140704446387968 Watching for file changes with StatReloader
INFO 2024-01-26 13:27:33,665 autoreload 74357 140704446387968 /Users/sergey/учеба/Django_framework/myproject/myapp4/views.py changed, reloading.
INFO 2024-01-26 13:27:35,025 autoreload 74365 140704446387968 Watching for file changes with StatReloader
INFO 2024-01-26 13:29:33,554 autoreload 74365 140704446387968 /Users/sergey/учеба/Django_framework/myproject/myapp4/views.py changed, reloading.
INFO 2024-01-26 13:29:35,109 autoreload 74386 140704446387968 Watching for file changes with StatReloader
INFO 2024-01-26 13:30:16,191 autoreload 74386 140704446387968 /Users/sergey/учеба/Django_framework/myproject/myapp4/urls.py changed, reloading.
INFO 2024-01-26 13:30:17,442 autoreload 74398 140704446387968 Watching for file changes with StatReloader
INFO 2024-01-26 13:31:35,547 basehttp 74398 123145531109376 "GET /les4/upload/ HTTP/1.1" 200 660
INFO 2024-01-26 13:32:45,580 basehttp 74398 123145531109376 "POST /les4/upload/ HTTP/1.1" 200 660
INFO 2024-01-30 15:40:57,529 autoreload 88494 140704446387968 Watching for file changes with StatReloader
INFO 2024-01-30 15:41:04,533 basehttp 88494 123145544216576 "GET / HTTP/1.1" 200 310
WARNING 2024-01-30 15:41:23,799 log 88494 123145544216576 Not Found: /about/
WARNING 2024-01-30 15:41:23,801 basehttp 88494 123145544216576 "GET /about/ HTTP/1.1" 404 2515
INFO 2024-01-30 15:41:26,903 basehttp 88494 123145544216576 "GET /admin/ HTTP/1.1" 302 0
INFO 2024-01-30 15:41:26,998 basehttp 88494 123145544216576 "GET /admin/login/?next=/admin/ HTTP/1.1" 200 4356
INFO 2024-01-30 15:41:27,122 basehttp 88494 123145594585088 "GET /static/admin/css/login.css HTTP/1.1" 200 958
INFO 2024-01-30 15:41:27,122 basehttp 88494 123145561006080 "GET /static/admin/css/dark_mode.css HTTP/1.1" 200 2682
INFO 2024-01-30 15:41:27,123 basehttp 88494 123145577795584 "GET /static/admin/css/nav_sidebar.css HTTP/1.1" 200 2810
INFO 2024-01-30 15:41:27,124 basehttp 88494 123145611374592 "GET /static/admin/css/responsive.css HTTP/1.1" 200 17905
INFO 2024-01-30 15:41:27,162 basehttp 88494 123145544216576 "GET /static/admin/css/base.css HTTP/1.1" 200 21544
INFO 2024-01-30 15:41:27,382 basehttp 88494 123145577795584 "GET /static/admin/js/nav_sidebar.js HTTP/1.1" 200 3063
INFO 2024-01-30 15:41:27,383 basehttp 88494 123145544216576 "GET /static/admin/js/theme.js HTTP/1.1" 200 1943
INFO 2024-01-30 15:41:49,127 basehttp 88494 123145544216576 "POST /admin/login/?next=/admin/ HTTP/1.1" 200 4623
INFO 2024-01-30 15:43:45,437 autoreload 88494 140704446387968 /Users/sergey/учеба/Django_framework/myproject/myproject/settings.py changed, reloading.
INFO 2024-01-30 15:43:49,262 autoreload 88523 140704446387968 Watching for file changes with StatReloader
INFO 2024-01-30 15:44:15,607 basehttp 88523 123145506721792 "POST /admin/login/?next=/admin/ HTTP/1.1" 200 4319
INFO 2024-01-30 15:44:26,817 basehttp 88523 123145506721792 "GET /admin/ HTTP/1.1" 302 0
INFO 2024-01-30 15:44:26,837 basehttp 88523 123145506721792 "GET /admin/login/?next=/admin/ HTTP/1.1" 200 4158
INFO 2024-01-30 15:44:37,996 autoreload 88523 140704446387968 /Users/sergey/учеба/Django_framework/myproject/myproject/settings.py changed, reloading.
INFO 2024-01-30 15:44:38,761 autoreload 88537 140704446387968 Watching for file changes with StatReloader
INFO 2024-01-30 15:44:43,646 basehttp 88537 123145359937536 "GET /admin/login/?next=/admin/ HTTP/1.1" 200 4356
INFO 2024-01-30 15:44:44,986 basehttp 88537 123145359937536 "GET /admin/login/?next=/admin/ HTTP/1.1" 200 4356
INFO 2024-01-30 15:44:55,571 autoreload 88537 140704446387968 /Users/sergey/учеба/Django_framework/myproject/myproject/settings.py changed, reloading.
INFO 2024-01-30 15:44:56,232 autoreload 88544 140704446387968 Watching for file changes with StatReloader
INFO 2024-01-30 15:44:59,575 basehttp 88544 123145603559424 "GET /admin/login/?next=/admin/ HTTP/1.1" 200 4158
INFO 2024-01-30 15:45:06,161 autoreload 88544 140704446387968 /Users/sergey/учеба/Django_framework/myproject/myproject/settings.py changed, reloading.
INFO 2024-01-30 15:45:06,809 autoreload 88550 140704446387968 Watching for file changes with StatReloader
INFO 2024-01-30 15:45:09,480 basehttp 88550 123145485922304 "GET /admin/login/?next=/admin/ HTTP/1.1" 200 4356
INFO 2024-01-30 16:03:08,031 autoreload 88737 140704446387968 Watching for file changes with StatReloader
INFO 2024-01-30 16:03:13,904 basehttp 88737 123145549737984 "GET /admin/login/?next=/admin/ HTTP/1.1" 200 4356
INFO 2024-01-30 16:03:22,277 basehttp 88737 123145549737984 "POST /admin/login/?next=/admin/ HTTP/1.1" 200 4623
INFO 2024-01-30 16:03:32,744 basehttp 88737 123145549737984 - Broken pipe from ('127.0.0.1', 62412)
INFO 2024-01-30 16:03:32,817 basehttp 88737 123145566527488 "POST /admin/login/?next=/admin/ HTTP/1.1" 302 0
INFO 2024-01-30 16:03:32,848 basehttp 88737 123145566527488 "GET /admin/ HTTP/1.1" 200 5941
INFO 2024-01-30 16:03:32,967 basehttp 88737 123145566527488 "GET /static/admin/css/dashboard.css HTTP/1.1" 200 441
INFO 2024-01-30 16:03:33,013 basehttp 88737 123145583316992 "GET /static/admin/img/icon-changelink.svg HTTP/1.1" 200 380
INFO 2024-01-30 16:03:33,013 basehttp 88737 123145566527488 "GET /static/admin/img/icon-addlink.svg HTTP/1.1" 200 331
INFO 2024-01-30 16:05:53,887 basehttp 88737 123145566527488 "GET /admin/auth/user/ HTTP/1.1" 200 11912
INFO 2024-01-30 16:05:54,116 basehttp 88737 123145583316992 "GET /static/admin/css/changelists.css HTTP/1.1" 200 6811
INFO 2024-01-30 16:05:54,118 basehttp 88737 123145600106496 "GET /static/admin/js/jquery.init.js HTTP/1.1" 200 347
INFO 2024-01-30 16:05:54,119 basehttp 88737 123145633685504 "GET /static/admin/js/admin/RelatedObjectLookups.js HTTP/1.1" 200 9042
INFO 2024-01-30 16:05:54,120 basehttp 88737 123145616896000 "GET /static/admin/js/core.js HTTP/1.1" 200 6208
INFO 2024-01-30 16:05:54,128 basehttp 88737 123145549737984 "GET /static/admin/js/vendor/jquery/jquery.js HTTP/1.1" 200 285314
INFO 2024-01-30 16:05:54,131 basehttp 88737 123145566527488 "GET /admin/jsi18n/ HTTP/1.1" 200 17546
INFO 2024-01-30 16:05:54,150 basehttp 88737 123145600106496 "GET /static/admin/js/actions.js HTTP/1.1" 200 8067
INFO 2024-01-30 16:05:54,150 basehttp 88737 123145583316992 "GET /static/admin/js/urlify.js HTTP/1.1" 200 7887
INFO 2024-01-30 16:05:54,155 basehttp 88737 123145549737984 "GET /static/admin/js/prepopulate.js HTTP/1.1" 200 1531
INFO 2024-01-30 16:05:54,189 basehttp 88737 123145616896000 "GET /static/admin/js/vendor/xregexp/xregexp.js HTTP/1.1" 200 325171
INFO 2024-01-30 16:05:54,217 basehttp 88737 123145583316992 "GET /static/admin/img/search.svg HTTP/1.1" 200 458
INFO 2024-01-30 16:05:54,248 basehttp 88737 123145583316992 "GET /static/admin/img/icon-yes.svg HTTP/1.1" 200 436
INFO 2024-01-30 16:05:54,336 basehttp 88737 123145583316992 "GET /static/admin/js/filters.js HTTP/1.1" 200 978
INFO 2024-01-30 16:05:54,421 basehttp 88737 123145583316992 "GET /static/admin/img/tooltag-add.svg HTTP/1.1" 200 331
INFO 2024-01-30 16:05:54,424 basehttp 88737 123145616896000 "GET /static/admin/img/sorting-icons.svg HTTP/1.1" 200 1097
INFO 2024-01-30 16:05:54,434 basehttp 88737 123145616896000 "GET /static/admin/img/icon-viewlink.svg HTTP/1.1" 200 581
INFO 2024-01-30 16:06:27,058 basehttp 88737 123145616896000 "GET /admin/auth/user/add/ HTTP/1.1" 200 11235
INFO 2024-01-30 16:06:27,160 basehttp 88737 123145616896000 "GET /admin/jsi18n/ HTTP/1.1" 200 17546
INFO 2024-01-30 16:06:27,161 basehttp 88737 123145600106496 "GET /static/admin/js/prepopulate_init.js HTTP/1.1" 200 586
INFO 2024-01-30 16:06:27,163 basehttp 88737 123145583316992 "GET /static/admin/css/forms.css HTTP/1.1" 200 9090
INFO 2024-01-30 16:06:27,225 basehttp 88737 123145600106496 "GET /static/admin/css/widgets.css HTTP/1.1" 200 11800
INFO 2024-01-30 16:06:27,229 basehttp 88737 123145583316992 "GET /static/admin/js/change_form.js HTTP/1.1" 200 606
INFO 2024-01-30 16:07:44,297 basehttp 88737 123145583316992 "POST /admin/auth/user/add/ HTTP/1.1" 200 11763
INFO 2024-01-30 16:07:44,519 basehttp 88737 123145583316992 "GET /admin/jsi18n/ HTTP/1.1" 200 17546
INFO 2024-01-30 16:09:41,696 basehttp 88737 123145583316992 "POST /admin/auth/user/add/ HTTP/1.1" 302 0
INFO 2024-01-30 16:09:41,780 basehttp 88737 123145583316992 "GET /admin/auth/user/2/change/ HTTP/1.1" 200 24983
INFO 2024-01-30 16:09:41,913 basehttp 88737 123145600106496 "GET /static/admin/js/calendar.js HTTP/1.1" 200 9141
INFO 2024-01-30 16:09:41,918 basehttp 88737 123145549737984 "GET /static/admin/js/SelectBox.js HTTP/1.1" 200 4530
INFO 2024-01-30 16:09:41,923 basehttp 88737 123145566527488 "GET /static/admin/js/SelectFilter2.js HTTP/1.1" 200 15492
INFO 2024-01-30 16:09:41,926 basehttp 88737 123145616896000 "GET /static/admin/js/admin/DateTimeShortcuts.js HTTP/1.1" 200 19319
INFO 2024-01-30 16:09:41,955 basehttp 88737 123145583316992 "GET /admin/jsi18n/ HTTP/1.1" 200 17546
INFO 2024-01-30 16:09:42,156 basehttp 88737 123145566527488 "GET /static/admin/img/selector-icons.svg HTTP/1.1" 200 3291
INFO 2024-01-30 16:09:42,157 basehttp 88737 123145583316992 "GET /static/admin/img/icon-unknown.svg HTTP/1.1" 200 655
INFO 2024-01-30 16:09:42,158 basehttp 88737 123145600106496 "GET /static/admin/img/icon-clock.svg HTTP/1.1" 200 677
INFO 2024-01-30 16:09:42,167 basehttp 88737 123145616896000 "GET /static/admin/img/icon-calendar.svg HTTP/1.1" 200 1086
INFO 2024-01-30 16:09:42,168 basehttp 88737 123145549737984 "GET /static/admin/img/icon-unknown-alt.svg HTTP/1.1" 200 655
INFO 2024-01-30 16:13:00,451 basehttp 88737 123145549737984 "POST /admin/auth/user/2/change/ HTTP/1.1" 302 0
INFO 2024-01-30 16:13:00,483 basehttp 88737 123145549737984 "GET /admin/auth/user/ HTTP/1.1" 200 12637
INFO 2024-01-30 16:13:00,636 basehttp 88737 123145549737984 "GET /admin/jsi18n/ HTTP/1.1" 200 17546
INFO 2024-01-30 16:13:07,296 basehttp 88737 123145549737984 "GET /admin/auth/group/ HTTP/1.1" 200 7780
INFO 2024-01-30 16:13:07,396 basehttp 88737 123145549737984 "GET /admin/jsi18n/ HTTP/1.1" 200 17546
INFO 2024-01-30 16:13:10,087 basehttp 88737 123145549737984 "GET /admin/auth/group/add/ HTTP/1.1" 200 14122
INFO 2024-01-30 16:13:10,163 basehttp 88737 123145549737984 "GET /admin/jsi18n/ HTTP/1.1" 200 17546
INFO 2024-01-30 16:14:39,496 basehttp 88737 123145549737984 "POST /admin/auth/group/add/ HTTP/1.1" 302 0
INFO 2024-01-30 16:14:39,560 basehttp 88737 123145549737984 "GET /admin/auth/group/ HTTP/1.1" 200 9515
INFO 2024-01-30 16:14:39,738 basehttp 88737 123145549737984 "GET /admin/jsi18n/ HTTP/1.1" 200 17546
INFO 2024-01-30 16:14:42,861 basehttp 88737 123145549737984 "GET /admin/auth/user/ HTTP/1.1" 200 12723
INFO 2024-01-30 16:14:42,979 basehttp 88737 123145549737984 "GET /admin/jsi18n/ HTTP/1.1" 200 17546
INFO 2024-01-30 16:14:44,384 basehttp 88737 123145549737984 "GET /admin/auth/user/2/change/ HTTP/1.1" 200 24760
INFO 2024-01-30 16:14:44,468 basehttp 88737 123145549737984 "GET /admin/jsi18n/ HTTP/1.1" 200 17546
INFO 2024-01-30 16:14:59,991 basehttp 88737 123145549737984 "POST /admin/auth/user/2/change/ HTTP/1.1" 302 0
INFO 2024-01-30 16:15:00,019 basehttp 88737 123145549737984 "GET /admin/auth/user/ HTTP/1.1" 200 12943
INFO 2024-01-30 16:15:00,107 basehttp 88737 123145549737984 "GET /admin/jsi18n/ HTTP/1.1" 200 17546
INFO 2024-01-30 16:15:13,165 basehttp 88737 123145549737984 "POST /admin/logout/ HTTP/1.1" 200 3814
INFO 2024-01-30 16:15:15,634 basehttp 88737 123145549737984 "GET /admin/ HTTP/1.1" 302 0
INFO 2024-01-30 16:15:15,650 basehttp 88737 123145549737984 "GET /admin/login/?next=/admin/ HTTP/1.1" 200 4356
INFO 2024-01-30 16:15:31,566 basehttp 88737 123145549737984 "POST /admin/login/?next=/admin/ HTTP/1.1" 302 0
INFO 2024-01-30 16:15:31,582 basehttp 88737 123145549737984 "GET /admin/ HTTP/1.1" 200 4888
INFO 2024-01-31 10:35:09,888 autoreload 88737 140704446387968 /Users/sergey/учеба/Django_framework/myproject/myapp5/models.py changed, reloading.
INFO 2024-01-31 10:40:09,208 autoreload 91396 140704446387968 Watching for file changes with StatReloader
INFO 2024-01-31 10:40:26,151 basehttp 91396 123145356005376 "POST /admin/logout/ HTTP/1.1" 200 3814
INFO 2024-01-31 10:40:31,831 basehttp 91396 123145356005376 "GET /admin/ HTTP/1.1" 302 0
INFO 2024-01-31 10:40:31,880 basehttp 91396 123145356005376 "GET /admin/login/?next=/admin/ HTTP/1.1" 200 4356
INFO 2024-01-31 10:40:44,465 basehttp 91396 123145356005376 "POST /admin/login/?next=/admin/ HTTP/1.1" 200 4623
INFO 2024-01-31 10:40:55,801 basehttp 91396 123145356005376 "POST /admin/login/?next=/admin/ HTTP/1.1" 302 0
INFO 2024-01-31 10:40:55,833 basehttp 91396 123145356005376 "GET /admin/ HTTP/1.1" 200 8573
INFO 2024-01-31 10:42:39,886 autoreload 91396 140704446387968 /Users/sergey/учеба/Django_framework/myproject/myapp3/admin.py changed, reloading.
INFO 2024-01-31 10:42:41,159 autoreload 91427 140704446387968 Watching for file changes with StatReloader
INFO 2024-01-31 10:43:52,033 autoreload 91453 140704446387968 Watching for file changes with StatReloader
INFO 2024-01-31 10:43:54,883 basehttp 91453 123145380139008 "GET /admin/ HTTP/1.1" 200 9688
INFO 2024-01-31 10:44:55,560 basehttp 91453 123145380139008 "POST /admin/logout/ HTTP/1.1" 200 3814
INFO 2024-01-31 10:44:57,059 basehttp 91453 123145380139008 "GET /admin/ HTTP/1.1" 302 0
INFO 2024-01-31 10:44:57,092 basehttp 91453 123145380139008 "GET /admin/login/?next=/admin/ HTTP/1.1" 200 4356
INFO 2024-01-31 10:45:05,570 basehttp 91453 123145380139008 "POST /admin/login/?next=/admin/ HTTP/1.1" 302 0
INFO 2024-01-31 10:45:05,595 basehttp 91453 123145380139008 "GET /admin/ HTTP/1.1" 200 5427
INFO 2024-01-31 10:45:24,167 basehttp 91453 123145380139008 "GET /admin/myapp3/post/ HTTP/1.1" 200 17497
INFO 2024-01-31 10:45:32,821 basehttp 91453 123145380139008 "GET /admin/myapp3/post/10/change/ HTTP/1.1" 200 10532
INFO 2024-01-31 10:45:32,919 basehttp 91453 123145380139008 "GET /admin/jsi18n/ HTTP/1.1" 200 17546
INFO 2024-01-31 10:45:48,099 basehttp 91453 123145380139008 "POST /admin/myapp3/post/10/change/ HTTP/1.1" 302 0
INFO 2024-01-31 10:45:48,135 basehttp 91453 123145380139008 "GET /admin/myapp3/post/ HTTP/1.1" 200 17713
INFO 2024-01-31 10:45:58,104 basehttp 91453 123145380139008 "GET /admin/myapp3/post/100/change/ HTTP/1.1" 200 10531
INFO 2024-01-31 10:45:58,206 basehttp 91453 123145380139008 "GET /admin/jsi18n/ HTTP/1.1" 200 17546
INFO 2024-01-31 10:46:05,228 basehttp 91453 123145380139008 "POST /admin/logout/ HTTP/1.1" 200 3814
INFO 2024-01-31 10:46:06,772 basehttp 91453 123145380139008 "GET /admin/ HTTP/1.1" 302 0
INFO 2024-01-31 10:46:06,790 basehttp 91453 123145380139008 "GET /admin/login/?next=/admin/ HTTP/1.1" 200 4356
INFO 2024-01-31 10:46:12,594 basehttp 91453 123145380139008 "POST /admin/login/?next=/admin/ HTTP/1.1" 302 0
INFO 2024-01-31 10:46:12,611 basehttp 91453 123145380139008 "GET /admin/ HTTP/1.1" 200 9688
INFO 2024-01-31 10:46:17,114 basehttp 91453 123145380139008 "GET /admin/myapp3/post/ HTTP/1.1" 200 44764
INFO 2024-01-31 10:46:17,183 basehttp 91453 123145380139008 "GET /admin/jsi18n/ HTTP/1.1" 200 17546
INFO 2024-01-31 10:46:20,514 basehttp 91453 123145380139008 "GET /admin/myapp3/post/98/change/ HTTP/1.1" 200 13726
INFO 2024-01-31 10:46:20,608 basehttp 91453 123145380139008 "GET /admin/jsi18n/ HTTP/1.1" 200 17546
INFO 2024-01-31 10:46:36,711 basehttp 91453 123145380139008 "GET /admin/myapp5/category/ HTTP/1.1" 200 9105
INFO 2024-01-31 10:46:36,807 basehttp 91453 123145380139008 "GET /admin/jsi18n/ HTTP/1.1" 200 17546
INFO 2024-01-31 10:46:41,183 basehttp 91453 123145380139008 "GET /admin/myapp5/category/add/ HTTP/1.1" 200 9946
INFO 2024-01-31 10:46:41,263 basehttp 91453 123145380139008 "GET /admin/jsi18n/ HTTP/1.1" 200 17546
INFO 2024-01-31 10:46:57,065 basehttp 91453 123145380139008 "POST /admin/myapp5/category/add/ HTTP/1.1" 302 0
INFO 2024-01-31 10:46:57,090 basehttp 91453 123145380139008 "GET /admin/myapp5/category/ HTTP/1.1" 200 10844
INFO 2024-01-31 10:46:57,159 basehttp 91453 123145380139008 "GET /admin/jsi18n/ HTTP/1.1" 200 17546
INFO 2024-01-31 10:47:08,839 basehttp 91453 123145380139008 "GET /admin/myapp5/category/add/ HTTP/1.1" 200 9946
INFO 2024-01-31 10:47:08,924 basehttp 91453 123145380139008 "GET /admin/jsi18n/ HTTP/1.1" 200 17546
INFO 2024-01-31 10:47:13,938 basehttp 91453 123145380139008 "POST /admin/myapp5/category/add/ HTTP/1.1" 302 0
INFO 2024-01-31 10:47:13,965 basehttp 91453 123145380139008 "GET /admin/myapp5/category/ HTTP/1.1" 200 11172
INFO 2024-01-31 10:47:14,027 basehttp 91453 123145380139008 "GET /admin/jsi18n/ HTTP/1.1" 200 17546
INFO 2024-01-31 10:47:19,214 basehttp 91453 123145380139008 "GET /admin/myapp5/product/ HTTP/1.1" 200 9098
INFO 2024-01-31 10:47:19,313 basehttp 91453 123145380139008 "GET /admin/jsi18n/ HTTP/1.1" 200 17546
INFO 2024-01-31 10:47:22,403 basehttp 91453 123145380139008 "GET /admin/myapp5/product/add/ HTTP/1.1" 200 11815
INFO 2024-01-31 10:47:22,485 basehttp 91453 123145380139008 "GET /admin/jsi18n/ HTTP/1.1" 200 17546
INFO 2024-01-31 10:47:42,493 basehttp 91453 123145380139008 "POST /admin/myapp5/product/add/ HTTP/1.1" 302 0
INFO 2024-01-31 10:47:42,527 basehttp 91453 123145380139008 "GET /admin/myapp5/product/add/ HTTP/1.1" 200 12096
INFO 2024-01-31 10:47:42,640 basehttp 91453 123145380139008 "GET /admin/jsi18n/ HTTP/1.1" 200 17546
INFO 2024-01-31 10:47:55,619 basehttp 91453 123145380139008 "POST /admin/myapp5/product/add/ HTTP/1.1" 302 0
INFO 2024-01-31 10:47:55,650 basehttp 91453 123145380139008 "GET /admin/myapp5/product/add/ HTTP/1.1" 200 12102
INFO 2024-01-31 10:47:55,697 basehttp 91453 123145380139008 "GET /admin/jsi18n/ HTTP/1.1" 200 17546
INFO 2024-01-31 10:48:15,927 basehttp 91453 123145380139008 "GET /admin/myapp5/category/add/?_to_field=id&_popup=1 HTTP/1.1" 200 4441
INFO 2024-01-31 10:48:16,133 basehttp 91453 123145380139008 "GET /admin/jsi18n/ HTTP/1.1" 200 17546
INFO 2024-01-31 10:48:38,887 basehttp 91453 123145380139008 "POST /admin/myapp5/category/add/?_to_field=id&_popup=1 HTTP/1.1" 200 403
INFO 2024-01-31 10:48:38,969 basehttp 91453 123145380139008 "GET /static/admin/js/popup_response.js HTTP/1.1" 200 551
INFO 2024-01-31 10:48:44,236 basehttp 91453 123145380139008 "POST /admin/myapp5/product/add/ HTTP/1.1" 302 0
INFO 2024-01-31 10:48:44,264 basehttp 91453 123145380139008 "GET /admin/myapp5/product/add/ HTTP/1.1" 200 12143
INFO 2024-01-31 10:48:44,355 basehttp 91453 123145380139008 "GET /admin/jsi18n/ HTTP/1.1" 200 17546
INFO 2024-01-31 10:48:59,294 basehttp 91453 123145380139008 "POST /admin/myapp5/product/add/ HTTP/1.1" 302 0
INFO 2024-01-31 10:48:59,324 basehttp 91453 123145380139008 "GET /admin/myapp5/product/ HTTP/1.1" 200 11833
INFO 2024-01-31 10:48:59,391 basehttp 91453 123145380139008 "GET /admin/jsi18n/ HTTP/1.1" 200 17546
INFO 2024-01-31 10:49:29,577 basehttp 91453 123145380139008 "GET /admin/myapp5/product/1/change/ HTTP/1.1" 200 12076
INFO 2024-01-31 10:49:29,657 basehttp 91453 123145380139008 "GET /admin/jsi18n/ HTTP/1.1" 200 17546
INFO 2024-01-31 10:49:32,133 basehttp 91453 123145380139008 "GET /admin/myapp5/product/1/delete/ HTTP/1.1" 200 9152
INFO 2024-01-31 10:49:32,206 basehttp 91453 123145380139008 "GET /static/admin/js/cancel.js HTTP/1.1" 200 884
INFO 2024-01-31 10:49:56,697 basehttp 91453 123145380139008 "POST /admin/myapp5/product/1/delete/ HTTP/1.1" 302 0
INFO 2024-01-31 10:49:56,724 basehttp 91453 123145380139008 "GET /admin/myapp5/product/ HTTP/1.1" 200 11453
INFO 2024-01-31 10:49:56,805 basehttp 91453 123145380139008 "GET /admin/jsi18n/ HTTP/1.1" 200 17546
INFO 2024-01-31 10:54:53,924 autoreload 91453 140704446387968 /Users/sergey/учеба/Django_framework/myproject/myapp5/models.py changed, reloading.
INFO 2024-01-31 10:54:55,520 autoreload 91495 140704446387968 Watching for file changes with StatReloader
INFO 2024-01-31 10:58:45,492 autoreload 91495 140704446387968 /Users/sergey/учеба/Django_framework/myproject/myapp5/models.py changed, reloading.
INFO 2024-01-31 10:58:46,528 autoreload 91510 140704446387968 Watching for file changes with StatReloader
INFO 2024-01-31 11:02:00,595 autoreload 91574 140704446387968 Watching for file changes with StatReloader
INFO 2024-01-31 11:02:12,070 basehttp 91574 123145393790976 "GET /admin/myapp5/product/ HTTP/1.1" 200 11291
INFO 2024-01-31 11:02:12,488 basehttp 91574 123145393790976 "GET /admin/jsi18n/ HTTP/1.1" 200 17546
INFO 2024-01-31 11:02:20,297 basehttp 91574 123145393790976 "GET /admin/myapp5/product/4/change/ HTTP/1.1" 200 14632
INFO 2024-01-31 11:02:20,373 basehttp 91574 123145393790976 "GET /admin/jsi18n/ HTTP/1.1" 200 17546
INFO 2024-01-31 11:03:08,164 basehttp 91574 123145393790976 "POST /admin/myapp5/product/4/change/ HTTP/1.1" 302 0
INFO 2024-01-31 11:03:08,185 basehttp 91574 123145393790976 "GET /admin/myapp5/product/ HTTP/1.1" 200 11509
INFO 2024-01-31 11:03:08,306 basehttp 91574 123145393790976 "GET /admin/jsi18n/ HTTP/1.1" 200 17546
INFO 2024-01-31 11:04:36,165 autoreload 91574 140704446387968 /Users/sergey/учеба/Django_framework/myproject/myapp5/admin.py changed, reloading.
INFO 2024-01-31 11:04:38,175 autoreload 91609 140704446387968 Watching for file changes with StatReloader
INFO 2024-01-31 11:05:31,516 autoreload 91609 140704446387968 /Users/sergey/учеба/Django_framework/myproject/myapp5/admin.py changed, reloading.
INFO 2024-01-31 11:05:32,477 autoreload 91626 140704446387968 Watching for file changes with StatReloader
INFO 2024-01-31 11:07:01,401 autoreload 91626 140704446387968 /Users/sergey/учеба/Django_framework/myproject/myapp5/admin.py changed, reloading.
INFO 2024-01-31 11:07:02,569 autoreload 91636 140704446387968 Watching for file changes with StatReloader
INFO 2024-01-31 11:07:24,370 basehttp 91636 123145504673792 "GET /admin/myapp5/product/ HTTP/1.1" 200 11831
INFO 2024-01-31 11:07:24,512 basehttp 91636 123145504673792 "GET /admin/jsi18n/ HTTP/1.1" 200 17546
INFO 2024-01-31 11:07:34,231 basehttp 91636 123145504673792 "GET /admin/myapp5/product/?o=1 HTTP/1.1" 200 12239
INFO 2024-01-31 11:07:34,311 basehttp 91636 123145504673792 "GET /admin/jsi18n/ HTTP/1.1" 200 17546
INFO 2024-01-31 11:07:36,023 basehttp 91636 123145504673792 "GET /admin/myapp5/product/?o=-1 HTTP/1.1" 200 12245
INFO 2024-01-31 11:07:36,217 basehttp 91636 123145504673792 "GET /admin/jsi18n/ HTTP/1.1" 200 17546
INFO 2024-01-31 11:07:39,460 basehttp 91636 123145504673792 "GET /admin/myapp5/product/?o=2.-1 HTTP/1.1" 200 12737
INFO 2024-01-31 11:07:39,559 basehttp 91636 123145504673792 "GET /admin/jsi18n/ HTTP/1.1" 200 17546
INFO 2024-01-31 11:07:41,545 basehttp 91636 123145504673792 "GET /admin/myapp5/product/?o=3.2.-1 HTTP/1.1" 200 13152
INFO 2024-01-31 11:07:41,632 basehttp 91636 123145504673792 "GET /admin/jsi18n/ HTTP/1.1" 200 17546
INFO 2024-01-31 11:07:43,990 basehttp 91636 123145504673792 "GET /admin/myapp5/product/?o=-3.2.-1 HTTP/1.1" 200 13162
INFO 2024-01-31 11:07:44,071 basehttp 91636 123145504673792 "GET /admin/jsi18n/ HTTP/1.1" 200 17546
INFO 2024-01-31 11:07:45,151 basehttp 91636 123145504673792 "GET /admin/myapp5/product/?o=-2.-3.-1 HTTP/1.1" 200 13172
INFO 2024-01-31 11:07:45,223 basehttp 91636 123145504673792 "GET /admin/jsi18n/ HTTP/1.1" 200 17546
INFO 2024-01-31 11:07:46,361 basehttp 91636 123145504673792 "GET /admin/myapp5/product/?o=1.-2.-3 HTTP/1.1" 200 13162
INFO 2024-01-31 11:07:46,424 basehttp 91636 123145504673792 "GET /admin/jsi18n/ HTTP/1.1" 200 17546
INFO 2024-01-31 11:07:50,374 basehttp 91636 123145504673792 "GET /admin/myapp5/product/?o=-1.-2.-3 HTTP/1.1" 200 13172
INFO 2024-01-31 11:07:50,474 basehttp 91636 123145504673792 "GET /admin/jsi18n/ HTTP/1.1" 200 17546
INFO 2024-01-31 11:07:53,080 basehttp 91636 123145504673792 "GET /admin/myapp5/product/?o=3.-1.-2 HTTP/1.1" 200 13162
INFO 2024-01-31 11:07:53,140 basehttp 91636 123145504673792 "GET /admin/jsi18n/ HTTP/1.1" 200 17546
INFO 2024-01-31 11:07:59,243 basehttp 91636 123145504673792 "GET /admin/myapp5/product/?o=-3.-1.-2 HTTP/1.1" 200 13172
INFO 2024-01-31 11:07:59,345 basehttp 91636 123145504673792 "GET /admin/jsi18n/ HTTP/1.1" 200 17546
INFO 2024-01-31 11:08:01,788 basehttp 91636 123145504673792 "GET /admin/myapp5/product/?o=-3.1.-2 HTTP/1.1" 200 13162
INFO 2024-01-31 11:08:01,898 basehttp 91636 123145504673792 "GET /admin/jsi18n/ HTTP/1.1" 200 17546
INFO 2024-01-31 11:08:04,088 basehttp 91636 123145504673792 "GET /admin/myapp5/product/?o=-3.1.2 HTTP/1.1" 200 13152
INFO 2024-01-31 11:08:04,220 basehttp 91636 123145504673792 "GET /admin/jsi18n/ HTTP/1.1" 200 17546
INFO 2024-01-31 11:08:06,895 basehttp 91636 123145504673792 "GET /admin/myapp5/product/?o=-3.1 HTTP/1.1" 200 12737
INFO 2024-01-31 11:08:06,954 basehttp 91636 123145504673792 "GET /admin/jsi18n/ HTTP/1.1" 200 17546
INFO 2024-01-31 11:08:09,141 basehttp 91636 123145504673792 "GET /admin/myapp5/product/?o=-3 HTTP/1.1" 200 12245
INFO 2024-01-31 11:08:09,226 basehttp 91636 123145504673792 "GET /admin/jsi18n/ HTTP/1.1" 200 17546
INFO 2024-01-31 11:08:24,689 basehttp 91636 123145504673792 "GET /admin/myapp5/product/?o= HTTP/1.1" 200 11931
INFO 2024-01-31 11:08:24,765 basehttp 91636 123145504673792 "GET /admin/jsi18n/ HTTP/1.1" 200 17546
INFO 2024-01-31 11:08:30,976 basehttp 91636 123145504673792 "GET /admin/myapp5/product/?o=1 HTTP/1.1" 200 12239
INFO 2024-01-31 11:08:31,061 basehttp 91636 123145504673792 "GET /admin/jsi18n/ HTTP/1.1" 200 17546
INFO 2024-01-31 11:08:34,463 basehttp 91636 123145504673792 "GET /admin/myapp5/product/?o=-1 HTTP/1.1" 200 12245
INFO 2024-01-31 11:08:34,528 basehttp 91636 123145504673792 "GET /admin/jsi18n/ HTTP/1.1" 200 17546
INFO 2024-01-31 11:08:36,743 basehttp 91636 123145504673792 "GET /admin/myapp5/product/?o= HTTP/1.1" 200 11931
INFO 2024-01-31 11:08:36,821 basehttp 91636 123145504673792 "GET /admin/jsi18n/ HTTP/1.1" 200 17546
INFO 2024-01-31 11:09:05,706 autoreload 91636 140704446387968 /Users/sergey/учеба/Django_framework/myproject/myapp5/admin.py changed, reloading.
INFO 2024-01-31 11:09:07,784 autoreload 91646 140704446387968 Watching for file changes with StatReloader
INFO 2024-01-31 11:09:18,785 basehttp 91646 123145408061440 "GET /admin/myapp5/product/?o= HTTP/1.1" 200 11931
INFO 2024-01-31 11:09:18,933 basehttp 91646 123145408061440 "GET /admin/jsi18n/ HTTP/1.1" 200 17546
INFO 2024-01-31 11:09:39,560 basehttp 91646 123145408061440 "GET /admin/myapp5/product/ HTTP/1.1" 200 12621
INFO 2024-01-31 11:09:39,736 basehttp 91646 123145408061440 "GET /admin/jsi18n/ HTTP/1.1" 200 17546
INFO 2024-01-31 11:10:36,770 autoreload 91646 140704446387968 /Users/sergey/учеба/Django_framework/myproject/myapp5/admin.py changed, reloading.
INFO 2024-01-31 11:10:41,013 autoreload 91660 140704446387968 Watching for file changes with StatReloader
INFO 2024-01-31 11:10:48,371 basehttp 91660 123145340481536 "GET /admin/myapp5/product/ HTTP/1.1" 200 14079
INFO 2024-01-31 11:10:48,506 basehttp 91660 123145340481536 "GET /admin/jsi18n/ HTTP/1.1" 200 17546
INFO 2024-01-31 11:11:33,013 basehttp 91660 123145340481536 "GET /admin/myapp5/product/?price=4235.00 HTTP/1.1" 200 13651
INFO 2024-01-31 11:11:33,183 basehttp 91660 123145340481536 "GET /admin/jsi18n/ HTTP/1.1" 200 17546
INFO 2024-01-31 11:11:41,057 basehttp 91660 123145340481536 "GET /admin/myapp5/product/?date_added__gte=2024-01-31+00%3A00%3A00%2B00%3A00&date_added__lt=2024-02-01+00%3A00%3A00%2B00%3A00&price=4235.00 HTTP/1.1" 200 15077
INFO 2024-01-31 11:11:41,170 basehttp 91660 123145340481536 "GET /admin/jsi18n/ HTTP/1.1" 200 17546
INFO 2024-01-31 11:11:43,197 basehttp 91660 123145340481536 "GET /admin/myapp5/product/?date_added__gte=2024-01-24+00%3A00%3A00%2B00%3A00&date_added__lt=2024-02-01+00%3A00%3A00%2B00%3A00&price=4235.00 HTTP/1.1" 200 15077
INFO 2024-01-31 11:11:43,270 basehttp 91660 123145340481536 "GET /admin/jsi18n/ HTTP/1.1" 200 17546
INFO 2024-01-31 11:11:45,498 basehttp 91660 123145340481536 "GET /admin/myapp5/product/?date_added__gte=2024-01-24+00%3A00%3A00%2B00%3A00&date_added__lt=2024-02-01+00%3A00%3A00%2B00%3A00&price=4235.00 HTTP/1.1" 200 15077
INFO 2024-01-31 11:11:45,546 basehttp 91660 123145340481536 "GET /admin/jsi18n/ HTTP/1.1" 200 17546
INFO 2024-01-31 11:11:49,326 basehttp 91660 123145340481536 "GET /admin/myapp5/product/? HTTP/1.1" 200 14079
INFO 2024-01-31 11:11:49,381 basehttp 91660 123145340481536 "GET /admin/jsi18n/ HTTP/1.1" 200 17546
INFO 2024-01-31 11:12:53,460 autoreload 91660 140704446387968 /Users/sergey/учеба/Django_framework/myproject/myapp5/admin.py changed, reloading.
INFO 2024-01-31 11:12:55,658 autoreload 91681 140704446387968 Watching for file changes with StatReloader
INFO 2024-01-31 11:12:56,064 basehttp 91681 123145522868224 "GET /admin/myapp5/product/ HTTP/1.1" 200 14587
INFO 2024-01-31 11:12:56,280 basehttp 91681 123145522868224 "GET /admin/jsi18n/ HTTP/1.1" 200 17546
INFO 2024-01-31 11:13:53,531 basehttp 91681 123145522868224 "GET /admin/myapp5/product/ HTTP/1.1" 200 14587
INFO 2024-01-31 11:13:53,650 basehttp 91681 123145522868224 "GET /admin/jsi18n/ HTTP/1.1" 200 17546
INFO 2024-01-31 11:13:57,429 basehttp 91681 123145522868224 "GET /admin/myapp5/product/2/change/ HTTP/1.1" 200 14624
INFO 2024-01-31 11:13:57,515 basehttp 91681 123145522868224 "GET /admin/jsi18n/ HTTP/1.1" 200 17546
INFO 2024-01-31 11:14:00,222 basehttp 91681 123145522868224 "GET /admin/myapp5/product/ HTTP/1.1" 200 14587
INFO 2024-01-31 11:14:00,298 basehttp 91681 123145522868224 "GET /admin/jsi18n/ HTTP/1.1" 200 17546
INFO 2024-01-31 11:14:01,741 basehttp 91681 123145522868224 "GET /admin/myapp5/product/3/change/ HTTP/1.1" 200 14608
INFO 2024-01-31 11:14:01,806 basehttp 91681 123145522868224 "GET /admin/jsi18n/ HTTP/1.1" 200 17546
INFO 2024-01-31 11:14:41,045 basehttp 91681 123145522868224 "POST /admin/myapp5/product/3/change/ HTTP/1.1" 302 0
INFO 2024-01-31 11:14:41,077 basehttp 91681 123145522868224 "GET /admin/myapp5/product/ HTTP/1.1" 200 14799
INFO 2024-01-31 11:14:41,225 basehttp 91681 123145522868224 "GET /admin/jsi18n/ HTTP/1.1" 200 17546
INFO 2024-01-31 11:14:47,147 basehttp 91681 123145522868224 "GET /admin/myapp5/product/?q=%D0%B2%D0%BA%D1%83%D1%81 HTTP/1.1" 200 14466
INFO 2024-01-31 11:14:47,236 basehttp 91681 123145522868224 "GET /admin/jsi18n/ HTTP/1.1" 200 17546
INFO 2024-01-31 11:15:32,358 autoreload 91681 140704446387968 /Users/sergey/учеба/Django_framework/myproject/myapp5/admin.py changed, reloading.
INFO 2024-01-31 11:15:33,512 autoreload 91696 140704446387968 Watching for file changes with StatReloader
INFO 2024-01-31 11:16:34,818 autoreload 91696 140704446387968 /Users/sergey/учеба/Django_framework/myproject/myapp5/admin.py changed, reloading.
INFO 2024-01-31 11:16:39,422 autoreload 91717 140704446387968 Watching for file changes with StatReloader
INFO 2024-01-31 11:18:21,848 basehttp 91717 123145350627328 "GET /admin/myapp5/product/ HTTP/1.1" 200 14680
INFO 2024-01-31 11:18:22,191 basehttp 91717 123145350627328 "GET /admin/jsi18n/ HTTP/1.1" 200 17546
INFO 2024-01-31 11:18:40,179 basehttp 91717 123145350627328 "POST /admin/myapp5/product/ HTTP/1.1" 302 0
INFO 2024-01-31 11:18:40,204 basehttp 91717 123145350627328 "GET /admin/myapp5/product/ HTTP/1.1" 200 14678
INFO 2024-01-31 11:18:40,287 basehttp 91717 123145350627328 "GET /admin/jsi18n/ HTTP/1.1" 200 17546
INFO 2024-01-31 11:19:21,063 basehttp 91717 123145350627328 "GET /admin/myapp5/category/ HTTP/1.1" 200 11303
INFO 2024-01-31 11:19:21,140 basehttp 91717 123145350627328 "GET /admin/jsi18n/ HTTP/1.1" 200 17546
INFO 2024-01-31 11:20:53,917 basehttp 91717 123145350627328 "GET /admin/myapp5/product/ HTTP/1.1" 200 14678
INFO 2024-01-31 11:20:54,011 basehttp 91717 123145350627328 "GET /admin/jsi18n/ HTTP/1.1" 200 17546
INFO 2024-01-31 11:20:55,640 basehttp 91717 123145350627328 "GET /admin/myapp5/product/4/change/ HTTP/1.1" 200 14630
INFO 2024-01-31 11:20:55,733 basehttp 91717 123145350627328 "GET /admin/jsi18n/ HTTP/1.1" 200 17546
INFO 2024-01-31 11:22:18,976 autoreload 91717 140704446387968 /Users/sergey/учеба/Django_framework/myproject/myapp5/admin.py changed, reloading.
INFO 2024-01-31 11:22:20,124 autoreload 91734 140704446387968 Watching for file changes with StatReloader
INFO 2024-01-31 11:23:23,459 basehttp 91734 123145488982016 "GET /admin/myapp5/product/4/change/ HTTP/1.1" 200 13851
INFO 2024-01-31 11:23:23,576 basehttp 91734 123145488982016 "GET /admin/jsi18n/ HTTP/1.1" 200 17546
INFO 2024-01-31 11:26:17,937 autoreload 91734 140704446387968 /Users/sergey/учеба/Django_framework/myproject/myapp5/admin.py changed, reloading.
INFO 2024-01-31 11:26:19,447 autoreload 91769 140704446387968 Watching for file changes with StatReloader
INFO 2024-01-31 11:28:14,272 basehttp 91769 123145592946688 "GET /admin/myapp5/product/4/change/ HTTP/1.1" 200 15763
INFO 2024-01-31 11:28:14,468 basehttp 91769 123145609736192 "GET /static/admin/js/collapse.js HTTP/1.1" 200 1803
INFO 2024-01-31 11:28:14,476 basehttp 91769 123145592946688 "GET /admin/jsi18n/ HTTP/1.1" 200 17546
INFO 2024-01-31 11:28:19,013 basehttp 91769 123145592946688 "GET /admin/myapp5/product/ HTTP/1.1" 200 14678
INFO 2024-01-31 11:28:19,089 basehttp 91769 123145592946688 "GET /admin/jsi18n/ HTTP/1.1" 200 17546
INFO 2024-01-31 11:28:20,554 basehttp 91769 123145592946688 "GET /admin/myapp5/product/2/change/ HTTP/1.1" 200 15757
INFO 2024-01-31 11:28:20,701 basehttp 91769 123145592946688 "GET /admin/jsi18n/ HTTP/1.1" 200 17546
INFO 2024-01-31 11:30:16,063 basehttp 91769 123145592946688 "GET /admin/myapp5/product/ HTTP/1.1" 200 14678
INFO 2024-01-31 11:30:16,209 basehttp 91769 123145592946688 "GET /admin/jsi18n/ HTTP/1.1" 200 17546
INFO 2024-01-31 11:30:17,554 basehttp 91769 123145592946688 "GET /admin/myapp5/product/4/change/ HTTP/1.1" 200 15763
INFO 2024-01-31 11:30:17,643 basehttp 91769 123145592946688 "GET /admin/jsi18n/ HTTP/1.1" 200 17546
INFO 2024-01-31 11:30:22,508 basehttp 91769 123145592946688 "GET /admin/myapp5/product/ HTTP/1.1" 200 14678
INFO 2024-01-31 11:30:22,560 basehttp 91769 123145592946688 "GET /admin/jsi18n/ HTTP/1.1" 200 17546
INFO 2024-01-31 11:30:24,291 basehttp 91769 123145592946688 "GET /admin/auth/group/ HTTP/1.1" 200 10996
INFO 2024-01-31 11:30:24,392 basehttp 91769 123145592946688 "GET /admin/jsi18n/ HTTP/1.1" 200 17546
INFO 2024-01-31 11:30:26,195 basehttp 91769 123145592946688 "GET /admin/auth/user/ HTTP/1.1" 200 14417
INFO 2024-01-31 11:30:26,275 basehttp 91769 123145592946688 "GET /admin/jsi18n/ HTTP/1.1" 200 17546
INFO 2024-02-04 14:10:39,275 autoreload 9456 140704446387968 Watching for file changes with StatReloader
INFO 2024-02-04 14:10:47,779 basehttp 9456 123145599352832 "GET / HTTP/1.1" 200 310
WARNING 2024-02-04 14:10:48,923 log 9456 123145599352832 Not Found: /favicon.ico
WARNING 2024-02-04 14:10:48,924 basehttp 9456 123145599352832 "GET /favicon.ico HTTP/1.1" 404 2640
INFO 2024-02-04 14:11:25,029 basehttp 9456 123145599352832 "GET / HTTP/1.1" 200 310
INFO 2024-02-04 14:11:27,587 basehttp 9456 123145599352832 "GET / HTTP/1.1" 200 310
INFO 2024-02-04 14:11:30,195 basehttp 9456 123145599352832 "GET / HTTP/1.1" 200 310
INFO 2024-02-04 14:12:32,440 basehttp 9456 123145599352832 "GET / HTTP/1.1" 200 310
INFO 2024-02-04 14:15:05,421 autoreload 9498 140704446387968 Watching for file changes with StatReloader
INFO 2024-02-04 14:15:13,758 basehttp 9498 123145466871808 "GET / HTTP/1.1" 200 310
INFO 2024-02-04 14:15:28,602 basehttp 9498 123145466871808 "GET / HTTP/1.1" 200 310
INFO 2024-02-04 14:15:56,996 basehttp 9498 123145466871808 "GET / HTTP/1.1" 200 310
INFO 2024-02-04 14:17:26,611 basehttp 9498 123145466871808 "GET / HTTP/1.1" 200 310
INFO 2024-02-04 14:17:46,293 basehttp 9498 123145466871808 "GET /admin/ HTTP/1.1" 302 0
INFO 2024-02-04 14:17:46,353 basehttp 9498 123145466871808 "GET /admin/login/?next=/admin/ HTTP/1.1" 200 4356
INFO 2024-02-04 14:17:46,388 basehttp 9498 123145483661312 "GET /static/admin/css/dark_mode.css HTTP/1.1" 304 0
INFO 2024-02-04 14:17:46,389 basehttp 9498 123145500450816 "GET /static/admin/css/nav_sidebar.css HTTP/1.1" 304 0
INFO 2024-02-04 14:17:46,397 basehttp 9498 123145466871808 "GET /static/admin/css/base.css HTTP/1.1" 304 0
INFO 2024-02-04 14:17:46,413 basehttp 9498 123145466871808 "GET /static/admin/css/login.css HTTP/1.1" 304 0
INFO 2024-02-04 14:17:48,358 basehttp 9498 123145466871808 "GET / HTTP/1.1" 200 310
INFO 2024-02-04 14:17:51,562 basehttp 9498 123145466871808 "GET / HTTP/1.1" 200 310
INFO 2024-02-04 14:23:31,873 autoreload 9582 140704446387968 Watching for file changes with StatReloader
WARNING 2024-02-04 14:23:35,426 log 9582 123145447784448 Not Found: /__debug__/
WARNING 2024-02-04 14:23:35,426 basehttp 9582 123145447784448 "GET /__debug__/ HTTP/1.1" 404 3874
WARNING 2024-02-04 14:23:55,872 log 9582 123145447784448 Not Found: /__debug__/render_panel/
WARNING 2024-02-04 14:23:55,872 basehttp 9582 123145447784448 "GET /__debug__/render_panel/ HTTP/1.1" 404 2858
INFO 2024-02-04 14:24:03,113 basehttp 9582 123145447784448 "GET / HTTP/1.1" 200 310
INFO 2024-02-04 14:24:04,531 basehttp 9582 123145447784448 "GET / HTTP/1.1" 200 310
INFO 2024-02-04 14:31:32,314 autoreload 9666 140704446387968 Watching for file changes with StatReloader
INFO 2024-02-04 14:31:39,537 basehttp 9666 123145562935296 "GET / HTTP/1.1" 200 310
INFO 2024-02-04 14:31:41,477 basehttp 9666 123145562935296 "GET / HTTP/1.1" 200 310
INFO 2024-02-04 14:31:46,165 basehttp 9666 123145562935296 "GET /admin/ HTTP/1.1" 302 0
INFO 2024-02-04 14:31:46,239 basehttp 9666 123145562935296 "GET /admin/login/?next=/admin/ HTTP/1.1" 200 4356
INFO 2024-02-04 14:31:46,358 basehttp 9666 123145562935296 "GET /static/admin/css/responsive.css HTTP/1.1" 304 0
WARNING 2024-02-04 14:31:56,993 log 9666 123145562935296 Not Found: /sample/
WARNING 2024-02-04 14:31:56,994 basehttp 9666 123145562935296 "GET /sample/ HTTP/1.1" 404 2628
INFO 2024-02-04 14:32:29,164 basehttp 9666 123145562935296 "GET / HTTP/1.1" 200 310
INFO 2024-02-04 14:33:27,098 basehttp 9666 123145562935296 "GET / HTTP/1.1" 200 310
INFO 2024-02-04 14:35:04,589 basehttp 9666 123145562935296 "GET / HTTP/1.1" 200 310
INFO 2024-02-04 14:35:07,614 basehttp 9666 123145562935296 "GET / HTTP/1.1" 200 310
INFO 2024-02-04 14:35:12,807 basehttp 9666 123145562935296 "GET / HTTP/1.1" 200 310
INFO 2024-02-04 14:35:18,089 basehttp 9666 123145562935296 "GET / HTTP/1.1" 200 310
INFO 2024-02-04 14:37:47,642 autoreload 9666 140704446387968 /Users/sergey/учеба/Django_framework/myproject/myproject/urls.py changed, reloading.
INFO 2024-02-04 14:37:48,585 autoreload 9706 140704446387968 Watching for file changes with StatReloader
INFO 2024-02-04 14:37:52,631 basehttp 9706 123145339777024 "GET / HTTP/1.1" 200 310
INFO 2024-02-04 14:37:55,470 basehttp 9706 123145339777024 "GET / HTTP/1.1" 200 310
INFO 2024-02-04 14:37:56,539 basehttp 9706 123145339777024 "GET / HTTP/1.1" 200 310
INFO 2024-02-04 14:38:03,308 basehttp 9706 123145339777024 "GET / HTTP/1.1" 200 310
INFO 2024-02-04 14:41:09,368 autoreload 9706 140704446387968 /Users/sergey/учеба/Django_framework/myproject/myproject/settings.py changed, reloading.
INFO 2024-02-04 14:41:10,677 autoreload 9796 140704446387968 Watching for file changes with StatReloader
INFO 2024-02-04 14:41:53,935 autoreload 9796 140704446387968 /Users/sergey/учеба/Django_framework/myproject/myproject/settings.py changed, reloading.
INFO 2024-02-04 14:41:56,054 autoreload 9817 140704446387968 Watching for file changes with StatReloader
INFO 2024-02-04 14:42:47,585 autoreload 9817 140704446387968 /Users/sergey/учеба/Django_framework/myproject/myproject/urls.py changed, reloading.
INFO 2024-02-04 14:42:48,731 autoreload 9825 140704446387968 Watching for file changes with StatReloader
INFO 2024-02-04 14:43:41,838 autoreload 9825 140704446387968 /Users/sergey/учеба/Django_framework/myproject/myproject/urls.py changed, reloading.
INFO 2024-02-04 14:43:43,348 autoreload 9835 140704446387968 Watching for file changes with StatReloader
INFO 2024-02-04 14:43:58,106 autoreload 9835 140704446387968 /Users/sergey/учеба/Django_framework/myproject/myproject/urls.py changed, reloading.
INFO 2024-02-04 14:44:02,132 autoreload 9843 140704446387968 Watching for file changes with StatReloader
INFO 2024-02-04 14:46:44,069 basehttp 9843 123145351315456 "GET / HTTP/1.1" 200 310
INFO 2024-02-04 14:47:18,230 basehttp 9843 123145351315456 "GET / HTTP/1.1" 200 310
INFO 2024-02-04 14:48:57,694 basehttp 9843 123145351315456 "GET / HTTP/1.1" 200 310
INFO 2024-02-04 14:48:59,933 basehttp 9843 123145351315456 "GET / HTTP/1.1" 200 310
INFO 2024-02-04 14:54:06,054 autoreload 9914 140704446387968 Watching for file changes with StatReloader
INFO 2024-02-04 14:54:11,561 basehttp 9914 123145505304576 "GET / HTTP/1.1" 200 310
INFO 2024-02-04 14:54:14,576 basehttp 9914 123145505304576 "GET / HTTP/1.1" 200 310
INFO 2024-02-04 15:01:25,099 autoreload 9987 140704446387968 Watching for file changes with StatReloader
INFO 2024-02-04 15:01:49,256 basehttp 9987 123145370439680 "GET / HTTP/1.1" 200 310
INFO 2024-02-04 15:01:51,274 basehttp 9987 123145370439680 "GET / HTTP/1.1" 200 310
INFO 2024-02-04 15:11:56,104 autoreload 9987 140704446387968 /Users/sergey/учеба/Django_framework/myproject/myproject/urls.py changed, reloading.
INFO 2024-02-04 15:11:57,540 autoreload 10065 140704446387968 Watching for file changes with StatReloader
INFO 2024-02-04 15:12:22,455 autoreload 10065 140704446387968 /Users/sergey/учеба/Django_framework/myproject/myproject/urls.py changed, reloading.
INFO 2024-02-04 15:12:23,229 autoreload 10074 140704446387968 Watching for file changes with StatReloader
INFO 2024-02-04 15:13:09,753 autoreload 10074 140704446387968 /Users/sergey/учеба/Django_framework/myproject/myproject/urls.py changed, reloading.
INFO 2024-02-04 15:13:10,857 autoreload 10083 140704446387968 Watching for file changes with StatReloader
INFO 2024-02-04 15:13:16,507 basehttp 10083 123145423306752 "GET / HTTP/1.1" 200 310
INFO 2024-02-04 15:13:18,794 basehttp 10083 123145423306752 "GET / HTTP/1.1" 200 310
INFO 2024-02-04 15:13:58,772 autoreload 10083 140704446387968 /Users/sergey/учеба/Django_framework/myproject/myproject/urls.py changed, reloading.
INFO 2024-02-04 15:13:59,967 autoreload 10091 140704446387968 Watching for file changes with StatReloader
INFO 2024-02-04 15:14:10,329 basehttp 10091 123145488949248 "GET / HTTP/1.1" 200 310
INFO 2024-02-04 15:14:11,929 basehttp 10091 123145488949248 "GET / HTTP/1.1" 200 310
INFO 2024-02-04 15:24:10,939 autoreload 10091 140704446387968 /Users/sergey/учеба/Django_framework/myproject/myproject/settings.py changed, reloading.
INFO 2024-02-04 15:24:49,133 autoreload 10173 140704446387968 Watching for file changes with StatReloader
INFO 2024-02-04 15:24:53,851 basehttp 10173 123145595092992 "GET / HTTP/1.1" 200 310
INFO 2024-02-04 15:25:00,395 basehttp 10173 123145595092992 "GET / HTTP/1.1" 200 310
INFO 2024-02-04 15:25:01,356 basehttp 10173 123145595092992 "GET / HTTP/1.1" 200 310
INFO 2024-02-04 15:26:27,998 autoreload 10173 140704446387968 /Users/sergey/учеба/Django_framework/myproject/myproject/urls.py changed, reloading.
INFO 2024-02-04 15:26:29,254 autoreload 10193 140704446387968 Watching for file changes with StatReloader
INFO 2024-02-04 15:27:20,950 autoreload 10193 140704446387968 /Users/sergey/учеба/Django_framework/myproject/myproject/settings.py changed, reloading.
INFO 2024-02-04 15:27:21,860 autoreload 10202 140704446387968 Watching for file changes with StatReloader
INFO 2024-02-04 15:27:29,438 basehttp 10202 123145550372864 "GET / HTTP/1.1" 200 310
INFO 2024-02-04 15:27:30,656 basehttp 10202 123145550372864 "GET / HTTP/1.1" 200 310
INFO 2024-02-04 15:28:12,119 autoreload 10202 140704446387968 /Users/sergey/учеба/Django_framework/myproject/myproject/settings.py changed, reloading.
INFO 2024-02-04 15:28:13,166 autoreload 10210 140704446387968 Watching for file changes with StatReloader
INFO 2024-02-04 15:28:17,782 basehttp 10210 123145412370432 "GET / HTTP/1.1" 200 310
INFO 2024-02-04 15:28:19,264 basehttp 10210 123145412370432 "GET / HTTP/1.1" 200 310
INFO 2024-02-04 15:28:38,687 autoreload 10210 140704446387968 /Users/sergey/учеба/Django_framework/myproject/myproject/settings.py changed, reloading.
INFO 2024-02-04 15:28:39,574 autoreload 10215 140704446387968 Watching for file changes with StatReloader
INFO 2024-02-04 15:28:42,238 basehttp 10215 123145496829952 "GET / HTTP/1.1" 200 310
INFO 2024-02-04 15:30:09,171 autoreload 10215 140704446387968 /Users/sergey/учеба/Django_framework/myproject/myproject/settings.py changed, reloading.
INFO 2024-02-04 15:30:10,106 autoreload 10228 140704446387968 Watching for file changes with StatReloader
INFO 2024-02-04 15:30:14,732 basehttp 10228 123145421897728 "GET / HTTP/1.1" 200 310
INFO 2024-02-04 15:30:23,480 autoreload 10239 140704446387968 Watching for file changes with StatReloader
INFO 2024-02-04 15:30:29,812 basehttp 10239 123145381867520 "GET / HTTP/1.1" 200 310
INFO 2024-02-04 15:30:45,162 basehttp 10239 123145415446528 "GET / HTTP/1.1" 200 310
WARNING 2024-02-04 15:30:46,576 log 10239 123145415446528 Not Found: /favicon.ico
WARNING 2024-02-04 15:30:46,576 basehttp 10239 123145415446528 "GET /favicon.ico HTTP/1.1" 404 2640
INFO 2024-02-04 15:30:55,685 basehttp 10239 123145415446528 "GET / HTTP/1.1" 200 310
INFO 2024-02-04 15:30:58,471 basehttp 10239 123145415446528 "GET / HTTP/1.1" 200 310
WARNING 2024-02-04 15:30:59,106 log 10239 123145415446528 Not Found: /favicon.ico
WARNING 2024-02-04 15:30:59,107 basehttp 10239 123145415446528 "GET /favicon.ico HTTP/1.1" 404 2640
INFO 2024-02-04 15:41:12,091 autoreload 10239 140704446387968 /Users/sergey/учеба/Django_framework/myproject/myproject/urls.py changed, reloading.
INFO 2024-02-04 15:41:14,947 autoreload 10289 140704446387968 Watching for file changes with StatReloader
INFO 2024-02-04 15:43:09,251 autoreload 10289 140704446387968 /Users/sergey/учеба/Django_framework/myproject/myproject/settings.py changed, reloading.
INFO 2024-02-04 15:43:10,462 autoreload 10307 140704446387968 Watching for file changes with StatReloader
INFO 2024-02-04 15:43:19,327 autoreload 10307 140704446387968 /Users/sergey/учеба/Django_framework/myproject/myproject/settings.py changed, reloading.
INFO 2024-02-04 15:43:19,989 autoreload 10314 140704446387968 Watching for file changes with StatReloader
INFO 2024-02-04 15:43:38,912 autoreload 10314 140704446387968 /Users/sergey/учеба/Django_framework/myproject/myproject/settings.py changed, reloading.
INFO 2024-02-04 15:43:39,703 autoreload 10318 140704446387968 Watching for file changes with StatReloader
INFO 2024-02-04 15:59:40,173 autoreload 10318 140704446387968 /Users/sergey/учеба/Django_framework/myproject/myproject/settings.py changed, reloading.
INFO 2024-02-04 16:02:02,782 autoreload 10460 140704446387968 Watching for file changes with StatReloader
INFO 2024-02-04 16:02:09,705 basehttp 10460 123145364893696 "GET / HTTP/1.1" 200 10487
INFO 2024-02-04 16:02:09,817 basehttp 10460 123145381683200 "GET /static/debug_toolbar/js/toolbar.js HTTP/1.1" 200 13578
INFO 2024-02-04 16:02:09,817 basehttp 10460 123145364893696 "GET /static/debug_toolbar/css/toolbar.css HTTP/1.1" 200 12621
INFO 2024-02-04 16:02:10,042 basehttp 10460 123145381683200 "GET /static/debug_toolbar/css/print.css HTTP/1.1" 200 43
INFO 2024-02-04 16:02:10,056 basehttp 10460 123145381683200 "GET /static/debug_toolbar/js/utils.js HTTP/1.1" 200 4527
INFO 2024-02-04 16:05:43,853 autoreload 10460 140704446387968 /Users/sergey/учеба/Django_framework/myproject/myproject/settings.py changed, reloading.
INFO 2024-02-04 16:05:45,798 autoreload 10492 140704446387968 Watching for file changes with StatReloader
INFO 2024-02-04 16:06:04,312 autoreload 10492 140704446387968 /Users/sergey/учеба/Django_framework/myproject/myproject/settings.py changed, reloading.
INFO 2024-02-04 16:06:05,646 autoreload 10498 140704446387968 Watching for file changes with StatReloader
INFO 2024-02-04 16:06:23,686 autoreload 10498 140704446387968 /Users/sergey/учеба/Django_framework/myproject/myproject/settings.py changed, reloading.
INFO 2024-02-04 16:06:24,959 autoreload 10504 140704446387968 Watching for file changes with StatReloader
INFO 2024-02-04 16:06:43,865 autoreload 10504 140704446387968 /Users/sergey/учеба/Django_framework/myproject/myproject/settings.py changed, reloading.
INFO 2024-02-04 16:06:44,758 autoreload 10512 140704446387968 Watching for file changes with StatReloader
INFO 2024-02-04 16:07:24,201 autoreload 10512 140704446387968 /Users/sergey/учеба/Django_framework/myproject/myproject/settings.py changed, reloading.
INFO 2024-02-04 16:07:25,072 autoreload 10521 140704446387968 Watching for file changes with StatReloader
INFO 2024-02-04 16:07:32,285 basehttp 10521 123145349128192 "GET / HTTP/1.1" 200 10487
INFO 2024-02-04 16:09:21,445 basehttp 10521 123145349128192 "GET /__debug__/render_panel/?store_id=abf0836f2cdc4a30a7ecb030fd24c74b&panel_id=HistoryPanel HTTP/1.1" 200 2505
INFO 2024-02-04 16:09:21,485 basehttp 10521 123145349128192 "GET /static/debug_toolbar/js/history.js HTTP/1.1" 200 3515
INFO 2024-02-04 16:09:30,822 basehttp 10521 123145349128192 "GET /__debug__/render_panel/?store_id=abf0836f2cdc4a30a7ecb030fd24c74b&panel_id=VersionsPanel HTTP/1.1" 200 760
INFO 2024-02-04 16:09:37,971 basehttp 10521 123145349128192 "GET /__debug__/render_panel/?store_id=abf0836f2cdc4a30a7ecb030fd24c74b&panel_id=TimerPanel HTTP/1.1" 200 2265
INFO 2024-02-04 16:09:38,000 basehttp 10521 123145349128192 "GET /static/debug_toolbar/js/timer.js HTTP/1.1" 200 3686
INFO 2024-02-04 16:09:51,251 basehttp 10521 123145349128192 "GET /__debug__/render_panel/?store_id=abf0836f2cdc4a30a7ecb030fd24c74b&panel_id=SettingsPanel HTTP/1.1" 200 27231
INFO 2024-02-04 16:10:12,214 basehttp 10521 123145349128192 "GET /__debug__/render_panel/?store_id=abf0836f2cdc4a30a7ecb030fd24c74b&panel_id=HeadersPanel HTTP/1.1" 200 5514
INFO 2024-02-04 16:10:54,449 basehttp 10521 123145349128192 "GET /__debug__/render_panel/?store_id=abf0836f2cdc4a30a7ecb030fd24c74b&panel_id=RequestPanel HTTP/1.1" 200 984
INFO 2024-02-04 16:11:31,814 basehttp 10521 123145349128192 "GET /__debug__/render_panel/?store_id=abf0836f2cdc4a30a7ecb030fd24c74b&panel_id=SQLPanel HTTP/1.1" 200 428
INFO 2024-02-04 16:12:22,474 basehttp 10521 123145349128192 "GET /__debug__/render_panel/?store_id=abf0836f2cdc4a30a7ecb030fd24c74b&panel_id=StaticFilesPanel HTTP/1.1" 200 35928
INFO 2024-02-04 16:12:58,910 basehttp 10521 123145349128192 "GET /__debug__/render_panel/?store_id=abf0836f2cdc4a30a7ecb030fd24c74b&panel_id=TemplatesPanel HTTP/1.1" 200 6109
INFO 2024-02-04 16:13:25,288 basehttp 10521 123145349128192 "GET /__debug__/render_panel/?store_id=abf0836f2cdc4a30a7ecb030fd24c74b&panel_id=CachePanel HTTP/1.1" 200 1737
INFO 2024-02-04 16:13:32,086 basehttp 10521 123145349128192 "GET /__debug__/render_panel/?store_id=abf0836f2cdc4a30a7ecb030fd24c74b&panel_id=SignalsPanel HTTP/1.1" 200 2231
INFO 2024-02-04 16:15:18,826 basehttp 10521 123145349128192 "GET /les4/user/add/ HTTP/1.1" 200 11479
INFO 2024-02-04 16:15:18,944 basehttp 10521 123145365917696 "GET /static/debug_toolbar/js/toolbar.js HTTP/1.1" 304 0
INFO 2024-02-04 16:15:18,946 basehttp 10521 123145349128192 "GET /static/debug_toolbar/css/toolbar.css HTTP/1.1" 304 0
INFO 2024-02-04 16:15:19,004 basehttp 10521 123145349128192 "GET /static/debug_toolbar/css/print.css HTTP/1.1" 304 0
INFO 2024-02-04 16:15:19,062 basehttp 10521 123145349128192 "GET /static/debug_toolbar/js/utils.js HTTP/1.1" 304 0
INFO 2024-02-04 16:15:29,754 basehttp 10521 123145349128192 "GET /__debug__/render_panel/?store_id=864fbdf868264c50bf268e548388f3dd&panel_id=ProfilingPanel HTTP/1.1" 200 40820
INFO 2024-02-04 16:16:30,165 basehttp 10521 123145382707200 "GET / HTTP/1.1" 200 10487
INFO 2024-02-04 16:16:30,529 basehttp 10521 123145399496704 "GET /static/debug_toolbar/js/toolbar.js HTTP/1.1" 200 13578
INFO 2024-02-04 16:16:30,529 basehttp 10521 123145382707200 "GET /static/debug_toolbar/css/toolbar.css HTTP/1.1" 200 12621
INFO 2024-02-04 16:16:30,790 basehttp 10521 123145399496704 "GET /static/debug_toolbar/css/print.css HTTP/1.1" 200 43
INFO 2024-02-04 16:16:30,901 basehttp 10521 123145399496704 "GET /static/debug_toolbar/js/utils.js HTTP/1.1" 200 4527
INFO 2024-02-04 17:06:58,918 autoreload 10874 140704446387968 Watching for file changes with StatReloader
WARNING 2024-02-04 17:07:15,611 log 10874 123145587998720 Not Found: /les6
WARNING 2024-02-04 17:07:15,613 basehttp 10874 123145587998720 "GET /les6 HTTP/1.1" 404 12884
INFO 2024-02-04 17:07:15,783 basehttp 10874 123145604788224 "GET /static/debug_toolbar/js/toolbar.js HTTP/1.1" 304 0
INFO 2024-02-04 17:07:15,795 basehttp 10874 123145587998720 "GET /static/debug_toolbar/css/toolbar.css HTTP/1.1" 304 0
INFO 2024-02-04 17:07:15,961 basehttp 10874 123145587998720 "GET /static/debug_toolbar/css/print.css HTTP/1.1" 304 0
INFO 2024-02-04 17:07:16,011 basehttp 10874 123145587998720 "GET /static/debug_toolbar/js/utils.js HTTP/1.1" 304 0
WARNING 2024-02-04 17:07:30,826 log 10874 123145587998720 Not Found: /les6/
WARNING 2024-02-04 17:07:30,827 basehttp 10874 123145587998720 "GET /les6/ HTTP/1.1" 404 13296
INFO 2024-02-04 17:07:49,800 basehttp 10874 123145587998720 "GET /les6/db HTTP/1.1" 301 0
INFO 2024-02-04 17:07:50,221 basehttp 10874 123145604788224 "GET /les6/db/ HTTP/1.1" 200 10613
INFO 2024-02-04 17:08:08,599 basehttp 10874 123145604788224 "GET /les6/db/ HTTP/1.1" 200 10610
INFO 2024-02-04 17:08:31,452 basehttp 10874 123145604788224 "GET /les6/db/ HTTP/1.1" 200 11053
INFO 2024-02-04 17:08:55,076 basehttp 10874 123145604788224 "GET /__debug__/render_panel/?store_id=e51ab6763f864c1f90f1e47bfdda642e&panel_id=TimerPanel HTTP/1.1" 200 2266
INFO 2024-02-04 17:08:55,131 basehttp 10874 123145604788224 "GET /static/debug_toolbar/js/timer.js HTTP/1.1" 200 3686
INFO 2024-02-04 17:09:00,194 basehttp 10874 123145604788224 "GET /__debug__/render_panel/?store_id=e51ab6763f864c1f90f1e47bfdda642e&panel_id=RequestPanel HTTP/1.1" 200 1504
INFO 2024-02-04 17:09:02,796 basehttp 10874 123145604788224 "GET /__debug__/render_panel/?store_id=e51ab6763f864c1f90f1e47bfdda642e&panel_id=SQLPanel HTTP/1.1" 200 5301
INFO 2024-02-04 17:09:44,854 basehttp 10874 123145604788224 "GET /les6/view/ HTTP/1.1" 200 11040
INFO 2024-02-04 17:09:48,721 basehttp 10874 123145604788224 "GET /__debug__/render_panel/?store_id=6bb838a8107b4fa1bc7f2550fd585867&panel_id=SQLPanel HTTP/1.1" 200 6509
INFO 2024-02-04 17:10:08,882 basehttp 10874 123145604788224 "GET /__debug__/render_panel/?store_id=6bb838a8107b4fa1bc7f2550fd585867&panel_id=ProfilingPanel HTTP/1.1" 200 41648
INFO 2024-02-04 17:10:42,054 basehttp 10874 123145604788224 "GET /les6/template/ HTTP/1.1" 200 11018
INFO 2024-02-04 17:10:47,818 basehttp 10874 123145604788224 "GET /les6/template/ HTTP/1.1" 200 11018
INFO 2024-02-04 17:10:58,492 basehttp 10874 123145604788224 "GET /__debug__/render_panel/?store_id=bfdf091badae4f1494cfd079e02363f8&panel_id=TimerPanel HTTP/1.1" 200 2265
INFO 2024-02-04 17:11:11,466 basehttp 10874 123145604788224 "GET /les6/template/ HTTP/1.1" 200 11018
INFO 2024-02-04 17:12:00,210 basehttp 10874 123145604788224 "GET /__debug__/render_panel/?store_id=c1b6a8965fad439995bc0fe1a563a91a&panel_id=TimerPanel HTTP/1.1" 200 2264
INFO 2024-02-04 17:12:08,916 basehttp 10874 123145604788224 "GET /__debug__/render_panel/?store_id=c1b6a8965fad439995bc0fe1a563a91a&panel_id=SQLPanel HTTP/1.1" 200 428
INFO 2024-02-04 17:12:21,517 basehttp 10874 123145604788224 "GET /les6/template/ HTTP/1.1" 200 11018
INFO 2024-02-04 17:13:42,225 basehttp 10874 123145587998720 "GET /les6/template/ HTTP/1.1" 200 11018
INFO 2024-02-04 17:13:42,574 basehttp 10874 123145621577728 "GET /static/debug_toolbar/js/toolbar.js HTTP/1.1" 304 0
INFO 2024-02-04 17:13:42,576 basehttp 10874 123145587998720 "GET /static/debug_toolbar/css/toolbar.css HTTP/1.1" 304 0
INFO 2024-02-04 17:13:42,611 basehttp 10874 123145587998720 "GET /static/debug_toolbar/css/print.css HTTP/1.1" 304 0
INFO 2024-02-04 17:13:42,648 basehttp 10874 123145587998720 "GET /static/debug_toolbar/js/utils.js HTTP/1.1" 304 0
INFO 2024-02-04 17:14:39,947 basehttp 10874 123145587998720 "GET /les6/db/ HTTP/1.1" 200 11054
INFO 2024-02-04 17:14:48,973 basehttp 10874 123145587998720 "GET /les6/view/ HTTP/1.1" 200 11040
INFO 2024-02-04 17:14:54,475 basehttp 10874 123145587998720 "GET /les6/template/ HTTP/1.1" 200 11018
INFO 2024-02-04 17:15:07,074 basehttp 10874 123145587998720 "GET /__debug__/render_panel/?store_id=27a9976f9e1a4ae68d685e4d60b6774b&panel_id=SQLPanel HTTP/1.1" 200 428
INFO 2024-02-04 17:15:12,961 basehttp 10874 123145587998720 "GET /__debug__/render_panel/?store_id=27a9976f9e1a4ae68d685e4d60b6774b&panel_id=TemplatesPanel HTTP/1.1" 200 6799
INFO 2024-02-04 17:15:36,612 basehttp 10874 123145587998720 "GET /__debug__/render_panel/?store_id=27a9976f9e1a4ae68d685e4d60b6774b&panel_id=ProfilingPanel HTTP/1.1" 200 32476
INFO 2024-02-04 17:15:50,527 basehttp 10874 123145587998720 "GET /__debug__/render_panel/?store_id=27a9976f9e1a4ae68d685e4d60b6774b&panel_id=HistoryPanel HTTP/1.1" 200 25533
INFO 2024-02-04 17:15:50,548 basehttp 10874 123145587998720 "GET /static/debug_toolbar/js/history.js HTTP/1.1" 304 0
INFO 2024-02-04 17:15:58,555 basehttp 10874 123145587998720 "GET /__debug__/render_panel/?store_id=27a9976f9e1a4ae68d685e4d60b6774b&panel_id=TimerPanel HTTP/1.1" 200 2264
INFO 2024-02-04 17:15:58,589 basehttp 10874 123145587998720 "GET /static/debug_toolbar/js/timer.js HTTP/1.1" 304 0
INFO 2024-02-04 17:18:39,781 autoreload 10874 140704446387968 /Users/sergey/учеба/Django_framework/myproject/myapp6/views.py changed, reloading.
INFO 2024-02-04 17:18:40,743 autoreload 10953 140704446387968 Watching for file changes with StatReloader
INFO 2024-02-04 17:19:09,972 autoreload 10953 140704446387968 /Users/sergey/учеба/Django_framework/myproject/myapp6/views.py changed, reloading.
INFO 2024-02-04 17:19:10,982 autoreload 10960 140704446387968 Watching for file changes with StatReloader
INFO 2024-02-04 17:19:21,378 autoreload 10960 140704446387968 /Users/sergey/учеба/Django_framework/myproject/myapp6/views.py changed, reloading.
INFO 2024-02-04 17:19:22,220 autoreload 10965 140704446387968 Watching for file changes with StatReloader
INFO 2024-02-04 17:19:27,282 basehttp 10965 123145528647680 "GET /les6/template/ HTTP/1.1" 200 11018
INFO 2024-02-04 17:20:04,318 basehttp 10965 123145528647680 "GET /__debug__/render_panel/?store_id=fd7a270f6d6e41caba49f2c1a53a8d57&panel_id=HistoryPanel HTTP/1.1" 200 2519
INFO 2024-02-04 17:20:15,028 basehttp 10965 123145528647680 "GET /__debug__/history_sidebar/?store_id=fd7a270f6d6e41caba49f2c1a53a8d57&exclude_history=True HTTP/1.1" 200 12375
INFO 2024-02-04 17:20:23,918 basehttp 10965 123145528647680 "GET /__debug__/render_panel/?store_id=fd7a270f6d6e41caba49f2c1a53a8d57&panel_id=SettingsPanel HTTP/1.1" 200 27231
INFO 2024-02-04 17:20:41,448 basehttp 10965 123145528647680 "GET /__debug__/history_refresh/?store_id=fd7a270f6d6e41caba49f2c1a53a8d57&exclude_history=True HTTP/1.1" 200 1697
INFO 2024-02-04 17:20:45,867 basehttp 10965 123145545437184 "GET /__debug__/render_panel/?store_id=882d57dbbaa54ee98e225aba13b798e0&panel_id=HistoryPanel HTTP/1.1" 200 531
INFO 2024-02-04 17:20:53,349 basehttp 10965 123145545437184 "GET /les6/template/ HTTP/1.1" 200 11018
INFO 2024-02-04 17:20:55,620 basehttp 10965 123145545437184 "GET /__debug__/render_panel/?store_id=8d57b16bf3ca453d920e55ca82b6ab9a&panel_id=HistoryPanel HTTP/1.1" 200 4167
INFO 2024-02-04 17:20:55,647 basehttp 10965 123145545437184 "GET /static/debug_toolbar/js/history.js HTTP/1.1" 200 3515
INFO 2024-02-04 17:21:05,060 basehttp 10965 123145545437184 "GET /les6/template/ HTTP/1.1" 200 11018
